#-----------------------------------------------------------
# Vivado v2017.2 (64-bit)
# SW Build 1909853 on Thu Jun 15 18:39:09 MDT 2017
# IP Build 1909766 on Thu Jun 15 19:58:00 MDT 2017
# Start of session at: Sun Nov  5 17:09:27 2017
# Process ID: 3416
# Current directory: G:/CHD_HW/hw_3
# Command line: vivado.exe -gui_launcher_event rodinguilauncherevent17072 G:\CHD_HW\hw_3\hw_3.xpr
# Log file: G:/CHD_HW/hw_3/vivado.log
# Journal file: G:/CHD_HW/hw_3\vivado.jou
#-----------------------------------------------------------
sstart_guiopen_project G:/CHD_HW/hw_3/hw_3.xpr
SScanning sources...FFinished scanning sourcesIINFO: [IP_Flow 19-234] Refreshing IP repositories
INFO: [IP_Flow 19-1704] No user IP repositories specifiedINFO: [IP_Flow 19-2313] Loaded Vivado IP repository 'C:/Xilinx/Vivado/2017.2/data/ip'.
open_project: Time (s): cpu = 00:00:19 ; elapsed = 00:00:18 . Memory (MB): peak = 758.602 ; gain = 0.000
update_compile_order -fileset sources_1
close [ open G:/CHD_HW/hw_3/hw_3.srcs/sources_1/new/andtwo.vhd w ]
add_files G:/CHD_HW/hw_3/hw_3.srcs/sources_1/new/andtwo.vhd
update_compile_order -fileset sources_1
close [ open G:/CHD_HW/hw_3/hw_3.srcs/sources_1/new/and8bit.vhd w ]
add_files G:/CHD_HW/hw_3/hw_3.srcs/sources_1/new/and8bit.vhd
update_compile_order -fileset sources_1
reset_run synth_1
launch_runs synth_1 -jobs 2
[Sun Nov  5 18:13:11 2017] Launched synth_1...
Run output will be captured here: G:/CHD_HW/hw_3/hw_3.runs/synth_1/runme.log
launch_runs impl_1 -jobs 2
[Sun Nov  5 18:14:30 2017] Launched impl_1...
Run output will be captured here: G:/CHD_HW/hw_3/hw_3.runs/impl_1/runme.log
launch_runs impl_1 -to_step write_bitstream -jobs 2
[Sun Nov  5 18:15:59 2017] Launched impl_1...
Run output will be captured here: G:/CHD_HW/hw_3/hw_3.runs/impl_1/runme.log
close [ open G:/CHD_HW/hw_3/hw_3.srcs/sources_1/new/ortwo.vhd w ]
add_files G:/CHD_HW/hw_3/hw_3.srcs/sources_1/new/ortwo.vhd
update_compile_order -fileset sources_1
close [ open G:/CHD_HW/hw_3/hw_3.srcs/sources_1/new/or8bit.vhd w ]
add_files G:/CHD_HW/hw_3/hw_3.srcs/sources_1/new/or8bit.vhd
update_compile_order -fileset sources_1
reset_run synth_1
launch_runs synth_1 -jobs 2
[Mon Nov  6 16:45:35 2017] Launched synth_1...
Run output will be captured here: G:/CHD_HW/hw_3/hw_3.runs/synth_1/runme.log
launch_runs impl_1 -jobs 2
[Mon Nov  6 16:49:03 2017] Launched impl_1...
Run output will be captured here: G:/CHD_HW/hw_3/hw_3.runs/impl_1/runme.log
launch_runs impl_1 -to_step write_bitstream -jobs 2
[Mon Nov  6 16:50:39 2017] Launched impl_1...
Run output will be captured here: G:/CHD_HW/hw_3/hw_3.runs/impl_1/runme.log
open_hw
connect_hw_server
INFO: [Labtools 27-2285] Connecting to hw_server url TCP:localhost:3121
INFO: [Labtools 27-2222] Launching hw_server...
INFO: [Labtools 27-2221] Launch Output:

****** Xilinx hw_server v2017.2
  **** Build date : Jun 15 2017-18:53:26
    ** Copyright 1986-2017 Xilinx, Inc. All Rights Reserved.


connect_hw_server: Time (s): cpu = 00:00:02 ; elapsed = 00:00:06 . Memory (MB): peak = 858.246 ; gain = 0.000
open_hw_target
INFO: [Labtoolstcl 44-466] Opening hw_target localhost:3121/xilinx_tcf/Digilent/210183A384C4A
set_property PROGRAM.FILE {G:/CHD_HW/hw_3/hw_3.runs/impl_1/toplevel.bit} [get_hw_devices xc7a35t_0]
current_hw_device [get_hw_devices xc7a35t_0]
refresh_hw_device -update_hw_probes false [lindex [get_hw_devices xc7a35t_0] 0]
INFO: [Labtools 27-1434] Device xc7a35t (JTAG device index = 0) is programmed with a design that has no supported debug core(s) in it.
WARNING: [Labtools 27-3361] The debug hub core was not detected.
Resolution: 
1. Make sure the clock connected to the debug hub (dbg_hub) core is a free running clock and is active.
2. Make sure the BSCAN_SWITCH_USER_MASK device property in Vivado Hardware Manager reflects the user scan chain setting in the design and refresh the device.  To determine the user scan chain setting in the design, open the implemented design and use 'get_property C_USER_SCAN_CHAIN [get_debug_cores dbg_hub]'.
For more details on setting the scan chain property, consult the Vivado Debug and Programming User Guide (UG908).
set_property PROBES.FILE {} [get_hw_devices xc7a35t_0]
set_property FULL_PROBES.FILE {} [get_hw_devices xc7a35t_0]
set_property PROGRAM.FILE {G:/CHD_HW/hw_3/hw_3.runs/impl_1/toplevel.bit} [get_hw_devices xc7a35t_0]
program_hw_devices [get_hw_devices xc7a35t_0]
INFO: [Labtools 27-3164] End of startup status: HIGH
refresh_hw_device [lindex [get_hw_devices xc7a35t_0] 0]
INFO: [Labtools 27-1434] Device xc7a35t (JTAG device index = 0) is programmed with a design that has no supported debug core(s) in it.
WARNING: [Labtools 27-3361] The debug hub core was not detected.
Resolution: 
1. Make sure the clock connected to the debug hub (dbg_hub) core is a free running clock and is active.
2. Make sure the BSCAN_SWITCH_USER_MASK device property in Vivado Hardware Manager reflects the user scan chain setting in the design and refresh the device.  To determine the user scan chain setting in the design, open the implemented design and use 'get_property C_USER_SCAN_CHAIN [get_debug_cores dbg_hub]'.
For more details on setting the scan chain property, consult the Vivado Debug and Programming User Guide (UG908).
close_hw
