#-----------------------------------------------------------
# Vivado v2017.2 (64-bit)
# SW Build 1909853 on Thu Jun 15 18:39:09 MDT 2017
# IP Build 1909766 on Thu Jun 15 19:58:00 MDT 2017
# Start of session at: Thu Oct 26 14:06:38 2017
# Process ID: 13344
# Current directory: G:/CHD_HW/hw_3
# Command line: vivado.exe -gui_launcher_event rodinguilauncherevent12536 G:\CHD_HW\hw_3\hw_3.xpr
# Log file: G:/CHD_HW/hw_3/vivado.log
# Journal file: G:/CHD_HW/hw_3\vivado.jou
#-----------------------------------------------------------
start_gui
open_project G:/CHD_HW/hw_3/hw_3.xpr
Scanning sources...
Finished scanning sources
INFO: [IP_Flow 19-234] Refreshing IP repositories
INFO: [IP_Flow 19-1704] No user IP repositories specified
INFO: [IP_Flow 19-2313] Loaded Vivado IP repository 'C:/Xilinx/Vivado/2017.2/data/ip'.
open_project: Time (s): cpu = 00:00:17 ; elapsed = 00:00:08 . Memory (MB): peak = 801.883 ; gain = 120.648
update_compile_order -fileset sources_1
file mkdir G:/CHD_HW/hw_3/hw_3.srcs/sources_1/new
close [ open G:/CHD_HW/hw_3/hw_3.srcs/sources_1/new/subtractor8bit.v w ]
add_files G:/CHD_HW/hw_3/hw_3.srcs/sources_1/new/subtractor8bit.v
update_compile_order -fileset sources_1
exit
INFO: [Common 17-206] Exiting Vivado at Thu Oct 26 14:57:45 2017...
