#-----------------------------------------------------------
# Vivado v2017.2 (64-bit)
# SW Build 1909853 on Thu Jun 15 18:39:09 MDT 2017
# IP Build 1909766 on Thu Jun 15 19:58:00 MDT 2017
# Start of session at: Tue Oct 31 12:15:36 2017
# Process ID: 6388
# Current directory: G:/CHD_HW/hw_3
# Command line: vivado.exe -gui_launcher_event rodinguilauncherevent5984 G:\CHD_HW\hw_3\hw_3.xpr
# Log file: G:/CHD_HW/hw_3/vivado.log
# Journal file: G:/CHD_HW/hw_3\vivado.jou
#-----------------------------------------------------------
start_gui
open_project G:/CHD_HW/hw_3/hw_3.xpr
Scanning sources...
Finished scanning sources
IINFO: [IP_Flow 19-234] Refreshing IP repositories
INFO: [IP_Flow 19-1704] No user IP repositories specifiedINFO: [IP_Flow 19-2313] Loaded Vivado IP repository 'C:/Xilinx/Vivado/2017.2/data/ip'.
open_project: Time (s): cpu = 00:00:17 ; elapsed = 00:00:53 . Memory (MB): peak = 768.547 ; gain = 0.000
eupdaINFO: [Common 17-206] Exiting Vivadoreset_run synth_1
launch_runs synth_1 -jobs 2
[Tue Oct 31 12:20:07 2017] Launched synth_1...
Run output will be captured here: G:/CHD_HW/hw_3/hw_3.runs/synth_1/runme.log
reset_run synth_1
launch_runs synth_1 -jobs 2
[Tue Oct 31 12:23:01 2017] Launched synth_1...
Run output will be captured here: G:/CHD_HW/hw_3/hw_3.runs/synth_1/runme.log
reset_run synth_1
launch_runs synth_1 -jobs 2
[Tue Oct 31 12:28:17 2017] Launched synth_1...
Run output will be captured here: G:/CHD_HW/hw_3/hw_3.runs/synth_1/runme.log
reset_run synth_1
launch_runs synth_1 -jobs 2
[Tue Oct 31 12:32:15 2017] Launched synth_1...
Run output will be captured here: G:/CHD_HW/hw_3/hw_3.runs/synth_1/runme.log
reset_run synth_1
launch_runs synth_1 -jobs 2
[Tue Oct 31 12:35:08 2017] Launched synth_1...
Run output will be captured here: G:/CHD_HW/hw_3/hw_3.runs/synth_1/runme.log
reset_run synth_1
launch_runs synth_1 -jobs 2
[Tue Oct 31 12:39:35 2017] Launched synth_1...
Run output will be captured here: G:/CHD_HW/hw_3/hw_3.runs/synth_1/runme.log
launch_runs impl_1 -jobs 2
[Tue Oct 31 12:40:49 2017] Launched impl_1...
Run output will be captured here: G:/CHD_HW/hw_3/hw_3.runs/impl_1/runme.log
launch_runs impl_1 -to_step write_bitstream -jobs 2
[Tue Oct 31 12:42:51 2017] Launched impl_1...
Run output will be captured here: G:/CHD_HW/hw_3/hw_3.runs/impl_1/runme.log
open_hw
connect_hw_server
INFO: [Labtools 27-2285] Connecting to hw_server url TCP:localhost:3121
INFO: [Labtools 27-2222] Launching hw_server...
INFO: [Labtools 27-2221] Launch Output:

****** Xilinx hw_server v2017.2
  **** Build date : Jun 15 2017-18:53:26
    ** Copyright 1986-2017 Xilinx, Inc. All Rights Reserved.


connect_hw_server: Time (s): cpu = 00:00:01 ; elapsed = 00:00:06 . Memory (MB): peak = 794.500 ; gain = 0.000
open_hw_target
INFO: [Labtoolstcl 44-466] Opening hw_target localhost:3121/xilinx_tcf/Digilent/210183A384C4A
set_property PROGRAM.FILE {G:/CHD_HW/hw_3/hw_3.runs/impl_1/toplevel.bit} [get_hw_devices xc7a35t_0]
current_hw_device [get_hw_devices xc7a35t_0]
refresh_hw_device -update_hw_probes false [lindex [get_hw_devices xc7a35t_0] 0]
INFO: [Labtools 27-1434] Device xc7a35t (JTAG device index = 0) is programmed with a design that has no supported debug core(s) in it.
WARNING: [Labtools 27-3361] The debug hub core was not detected.
Resolution: 
1. Make sure the clock connected to the debug hub (dbg_hub) core is a free running clock and is active.
2. Make sure the BSCAN_SWITCH_USER_MASK device property in Vivado Hardware Manager reflects the user scan chain setting in the design and refresh the device.  To determine the user scan chain setting in the design, open the implemented design and use 'get_property C_USER_SCAN_CHAIN [get_debug_cores dbg_hub]'.
For more details on setting the scan chain property, consult the Vivado Debug and Programming User Guide (UG908).
set_property PROBES.FILE {} [get_hw_devices xc7a35t_0]
set_property FULL_PROBES.FILE {} [get_hw_devices xc7a35t_0]
set_property PROGRAM.FILE {G:/CHD_HW/hw_3/hw_3.runs/impl_1/toplevel.bit} [get_hw_devices xc7a35t_0]
program_hw_devices [get_hw_devices xc7a35t_0]
INFO: [Labtools 27-3164] End of startup status: HIGH
refresh_hw_device [lindex [get_hw_devices xc7a35t_0] 0]
INFO: [Labtools 27-1434] Device xc7a35t (JTAG device index = 0) is programmed with a design that has no supported debug core(s) in it.
WARNING: [Labtools 27-3361] The debug hub core was not detected.
Resolution: 
1. Make sure the clock connected to the debug hub (dbg_hub) core is a free running clock and is active.
2. Make sure the BSCAN_SWITCH_USER_MASK device property in Vivado Hardware Manager reflects the user scan chain setting in the design and refresh the device.  To determine the user scan chain setting in the design, open the implemented design and use 'get_property C_USER_SCAN_CHAIN [get_debug_cores dbg_hub]'.
For more details on setting the scan chain property, consult the Vivado Debug and Programming User Guide (UG908).
close [ open G:/CHD_HW/hw_3/hw_3.srcs/sources_1/new/adder16bit.vhd w ]
add_files G:/CHD_HW/hw_3/hw_3.srcs/sources_1/new/adder16bit.vhd
update_compile_order -fileset sources_1
close_hw
reset_run synth_1
launch_runs synth_1 -jobs 2
[Tue Oct 31 13:27:22 2017] Launched synth_1...
Run output will be captured here: G:/CHD_HW/hw_3/hw_3.runs/synth_1/runme.log
launch_runs impl_1 -jobs 2
[Tue Oct 31 13:30:46 2017] Launched impl_1...
Run output will be captured here: G:/CHD_HW/hw_3/hw_3.runs/impl_1/runme.log
update_compile_order -fileset sources_1
reset_run synth_1
launch_runs synth_1 -jobs 2
[Tue Oct 31 13:33:47 2017] Launched synth_1...
Run output will be captured here: G:/CHD_HW/hw_3/hw_3.runs/synth_1/runme.log
reset_run synth_1
launch_runs synth_1 -jobs 2
[Tue Oct 31 13:40:51 2017] Launched synth_1...
Run output will be captured here: G:/CHD_HW/hw_3/hw_3.runs/synth_1/runme.log
reset_run synth_1
launch_runs synth_1 -jobs 2
[Tue Oct 31 13:48:01 2017] Launched synth_1...
Run output will be captured here: G:/CHD_HW/hw_3/hw_3.runs/synth_1/runme.log
launch_runs impl_1 -jobs 2
[Tue Oct 31 13:48:59 2017] Launched impl_1...
Run output will be captured here: G:/CHD_HW/hw_3/hw_3.runs/impl_1/runme.log
launch_runs impl_1 -to_step write_bitstream -jobs 2
[Tue Oct 31 13:50:26 2017] Launched impl_1...
Run output will be captured here: G:/CHD_HW/hw_3/hw_3.runs/impl_1/runme.log
open_hw
connect_hw_server
INFO: [Labtools 27-2285] Connecting to hw_server url TCP:localhost:3121
INFO: [Labtools 27-2222] Launching hw_server...
INFO: [Labtools 27-2221] Launch Output:

****** Xilinx hw_server v2017.2
  **** Build date : Jun 15 2017-18:53:26
    ** Copyright 1986-2017 Xilinx, Inc. All Rights Reserved.


open_hw_target
INFO: [Labtoolstcl 44-466] Opening hw_target localhost:3121/xilinx_tcf/Digilent/210183A384C4A
set_property PROGRAM.FILE {G:/CHD_HW/hw_3/hw_3.runs/impl_1/toplevel.bit} [get_hw_devices xc7a35t_0]
current_hw_device [get_hw_devices xc7a35t_0]
refresh_hw_device -update_hw_probes false [lindex [get_hw_devices xc7a35t_0] 0]
INFO: [Labtools 27-1434] Device xc7a35t (JTAG device index = 0) is programmed with a design that has no supported debug core(s) in it.
WARNING: [Labtools 27-3361] The debug hub core was not detected.
Resolution: 
1. Make sure the clock connected to the debug hub (dbg_hub) core is a free running clock and is active.
2. Make sure the BSCAN_SWITCH_USER_MASK device property in Vivado Hardware Manager reflects the user scan chain setting in the design and refresh the device.  To determine the user scan chain setting in the design, open the implemented design and use 'get_property C_USER_SCAN_CHAIN [get_debug_cores dbg_hub]'.
For more details on setting the scan chain property, consult the Vivado Debug and Programming User Guide (UG908).
set_property PROBES.FILE {} [get_hw_devices xc7a35t_0]
set_property FULL_PROBES.FILE {} [get_hw_devices xc7a35t_0]
set_property PROGRAM.FILE {G:/CHD_HW/hw_3/hw_3.runs/impl_1/toplevel.bit} [get_hw_devices xc7a35t_0]
program_hw_devices [get_hw_devices xc7a35t_0]
INFO: [Labtools 27-3164] End of startup status: HIGH
refresh_hw_device [lindex [get_hw_devices xc7a35t_0] 0]
INFO: [Labtools 27-1434] Device xc7a35t (JTAG device index = 0) is programmed with a design that has no supported debug core(s) in it.
WARNING: [Labtools 27-3361] The debug hub core was not detected.
Resolution: 
1. Make sure the clock connected to the debug hub (dbg_hub) core is a free running clock and is active.
2. Make sure the BSCAN_SWITCH_USER_MASK device property in Vivado Hardware Manager reflects the user scan chain setting in the design and refresh the device.  To determine the user scan chain setting in the design, open the implemented design and use 'get_property C_USER_SCAN_CHAIN [get_debug_cores dbg_hub]'.
For more details on setting the scan chain property, consult the Vivado Debug and Programming User Guide (UG908).
ERROR: [Labtoolstcl 44-513] HW Target shutdown. Closing target: localhost:3121/xilinx_tcf/Digilent/210183A384C4A
INFO: [Labtoolstcl 44-466] Opening hw_target localhost:3121/xilinx_tcf/Digilent/210183A384C4A
INFO: [Labtools 27-1434] Device xc7a35t (JTAG device index = 0) is programmed with a design that has no supported debug core(s) in it.
WARNING: [Labtools 27-3361] The debug hub core was not detected.
Resolution: 
1. Make sure the clock connected to the debug hub (dbg_hub) core is a free running clock and is active.
2. Make sure the BSCAN_SWITCH_USER_MASK device property in Vivado Hardware Manager reflects the user scan chain setting in the design and refresh the device.  To determine the user scan chain setting in the design, open the implemented design and use 'get_property C_USER_SCAN_CHAIN [get_debug_cores dbg_hub]'.
For more details on setting the scan chain property, consult the Vivado Debug and Programming User Guide (UG908).
WARNING: [Labtoolstcl 44-129] No matching hw_ila_data was found.
ERROR: [Labtoolstcl 44-513] HW Target shutdown. Closing target: localhost:3121/xilinx_tcf/Digilent/210183A384C4A
INFO: [Labtoolstcl 44-466] Opening hw_target localhost:3121/xilinx_tcf/Digilent/210183A384C4A
INFO: [Labtools 27-1434] Device xc7a35t (JTAG device index = 0) is programmed with a design that has no supported debug core(s) in it.
WARNING: [Labtools 27-3361] The debug hub core was not detected.
Resolution: 
1. Make sure the clock connected to the debug hub (dbg_hub) core is a free running clock and is active.
2. Make sure the BSCAN_SWITCH_USER_MASK device property in Vivado Hardware Manager reflects the user scan chain setting in the design and refresh the device.  To determine the user scan chain setting in the design, open the implemented design and use 'get_property C_USER_SCAN_CHAIN [get_debug_cores dbg_hub]'.
For more details on setting the scan chain property, consult the Vivado Debug and Programming User Guide (UG908).
WARNING: [Labtoolstcl 44-129] No matching hw_ila_data was found.
set_property PROBES.FILE {} [get_hw_devices xc7a35t_0]
set_property FULL_PROBES.FILE {} [get_hw_devices xc7a35t_0]
set_property PROGRAM.FILE {G:/CHD_HW/hw_3/hw_3.runs/impl_1/toplevel.bit} [get_hw_devices xc7a35t_0]
program_hw_devices [get_hw_devices xc7a35t_0]
INFO: [Labtools 27-3164] End of startup status: HIGH
refresh_hw_device [lindex [get_hw_devices xc7a35t_0] 0]
INFO: [Labtools 27-1434] Device xc7a35t (JTAG device index = 0) is programmed with a design that has no supported debug core(s) in it.
WARNING: [Labtools 27-3361] The debug hub core was not detected.
Resolution: 
1. Make sure the clock connected to the debug hub (dbg_hub) core is a free running clock and is active.
2. Make sure the BSCAN_SWITCH_USER_MASK device property in Vivado Hardware Manager reflects the user scan chain setting in the design and refresh the device.  To determine the user scan chain setting in the design, open the implemented design and use 'get_property C_USER_SCAN_CHAIN [get_debug_cores dbg_hub]'.
For more details on setting the scan chain property, consult the Vivado Debug and Programming User Guide (UG908).
reset_run synth_1
launch_runs synth_1 -jobs 2
[Tue Oct 31 13:58:53 2017] Launched synth_1...
Run output will be captured here: G:/CHD_HW/hw_3/hw_3.runs/synth_1/runme.log
launch_runs impl_1 -jobs 2
[Tue Oct 31 14:00:04 2017] Launched impl_1...
Run output will be captured here: G:/CHD_HW/hw_3/hw_3.runs/impl_1/runme.log
launch_runs impl_1 -to_step write_bitstream -jobs 2
[Tue Oct 31 14:01:41 2017] Launched impl_1...
Run output will be captured here: G:/CHD_HW/hw_3/hw_3.runs/impl_1/runme.log
set_property PROBES.FILE {} [get_hw_devices xc7a35t_0]
set_property FULL_PROBES.FILE {} [get_hw_devices xc7a35t_0]
set_property PROGRAM.FILE {G:/CHD_HW/hw_3/hw_3.runs/impl_1/toplevel.bit} [get_hw_devices xc7a35t_0]
program_hw_devices [get_hw_devices xc7a35t_0]
INFO: [Labtools 27-3164] End of startup status: HIGH
refresh_hw_device [lindex [get_hw_devices xc7a35t_0] 0]
INFO: [Labtools 27-1434] Device xc7a35t (JTAG device index = 0) is programmed with a design that has no supported debug core(s) in it.
WARNING: [Labtools 27-3361] The debug hub core was not detected.
Resolution: 
1. Make sure the clock connected to the debug hub (dbg_hub) core is a free running clock and is active.
2. Make sure the BSCAN_SWITCH_USER_MASK device property in Vivado Hardware Manager reflects the user scan chain setting in the design and refresh the device.  To determine the user scan chain setting in the design, open the implemented design and use 'get_property C_USER_SCAN_CHAIN [get_debug_cores dbg_hub]'.
For more details on setting the scan chain property, consult the Vivado Debug and Programming User Guide (UG908).
reset_run synth_1
launch_runs synth_1 -jobs 2
[Tue Oct 31 14:22:16 2017] Launched synth_1...
Run output will be captured here: G:/CHD_HW/hw_3/hw_3.runs/synth_1/runme.log
launch_runs impl_1 -jobs 2
[Tue Oct 31 14:23:16 2017] Launched impl_1...
Run output will be captured here: G:/CHD_HW/hw_3/hw_3.runs/impl_1/runme.log
launch_runs impl_1 -to_step write_bitstream -jobs 2
[Tue Oct 31 14:24:35 2017] Launched impl_1...
Run output will be captured here: G:/CHD_HW/hw_3/hw_3.runs/impl_1/runme.log
set_property PROBES.FILE {} [get_hw_devices xc7a35t_0]
set_property FULL_PROBES.FILE {} [get_hw_devices xc7a35t_0]
set_property PROGRAM.FILE {G:/CHD_HW/hw_3/hw_3.runs/impl_1/toplevel.bit} [get_hw_devices xc7a35t_0]
program_hw_devices [get_hw_devices xc7a35t_0]
INFO: [Labtools 27-3164] End of startup status: HIGH
refresh_hw_device [lindex [get_hw_devices xc7a35t_0] 0]
INFO: [Labtools 27-1434] Device xc7a35t (JTAG device index = 0) is programmed with a design that has no supported debug core(s) in it.
WARNING: [Labtools 27-3361] The debug hub core was not detected.
Resolution: 
1. Make sure the clock connected to the debug hub (dbg_hub) core is a free running clock and is active.
2. Make sure the BSCAN_SWITCH_USER_MASK device property in Vivado Hardware Manager reflects the user scan chain setting in the design and refresh the device.  To determine the user scan chain setting in the design, open the implemented design and use 'get_property C_USER_SCAN_CHAIN [get_debug_cores dbg_hub]'.
For more details on setting the scan chain property, consult the Vivado Debug and Programming User Guide (UG908).
ERROR: [Labtoolstcl 44-513] HW Target shutdown. Closing target: localhost:3121/xilinx_tcf/Digilent/210183A384C4A
close_hw
close [ open G:/CHD_HW/hw_3/hw_3.srcs/sources_1/new/nand.vhd w ]
add_files G:/CHD_HW/hw_3/hw_3.srcs/sources_1/new/nand.vhd
update_compile_order -fileset sources_1
close [ open G:/CHD_HW/hw_3/hw_3.srcs/sources_1/new/nand8bit.vhd w ]
add_files G:/CHD_HW/hw_3/hw_3.srcs/sources_1/new/nand8bit.vhd
update_compile_order -fileset sources_1
remove_files  G:/CHD_HW/hw_3/hw_3.srcs/sources_1/new/nand8bit.vhd
close [ open G:/CHD_HW/hw_3/hw_3.srcs/sources_1/new/nand8bits.vhd w ]
add_files G:/CHD_HW/hw_3/hw_3.srcs/sources_1/new/nand8bits.vhd
update_compile_order -fileset sources_1
remove_files  G:/CHD_HW/hw_3/hw_3.srcs/sources_1/new/nand.vhd
close [ open G:/CHD_HW/hw_3/hw_3.srcs/sources_1/new/nandtwo.vhd w ]
add_files G:/CHD_HW/hw_3/hw_3.srcs/sources_1/new/nandtwo.vhd
update_compile_order -fileset sources_1
exit
INFO: [Common 17-206] Exiting Vivado at Sun Nov  5 16:53:27 2017...
