Copyright 1986-2017 Xilinx, Inc. All Rights Reserved.
-------------------------------------------------------------------------------------
| Tool Version : Vivado v.2017.2 (win64) Build 1909853 Thu Jun 15 18:39:09 MDT 2017
| Date         : Tue Sep 19 17:06:33 2017
| Host         : PK-Laptop running 64-bit major release  (build 9200)
| Command      : report_control_sets -verbose -file toplevel_control_sets_placed.rpt
| Design       : toplevel
| Device       : xc7a35t
-------------------------------------------------------------------------------------

Control Set Information

Table of Contents
-----------------
1. Summary
2. Flip-Flop Distribution
3. Detailed Control Set Information

1. Summary
----------

+----------------------------------------------------------+-------+
|                          Status                          | Count |
+----------------------------------------------------------+-------+
| Number of unique control sets                            |     3 |
| Unused register locations in slices containing registers |    16 |
+----------------------------------------------------------+-------+


2. Flip-Flop Distribution
-------------------------

+--------------+-----------------------+------------------------+-----------------+--------------+
| Clock Enable | Synchronous Set/Reset | Asynchronous Set/Reset | Total Registers | Total Slices |
+--------------+-----------------------+------------------------+-----------------+--------------+
| No           | No                    | No                     |               3 |            2 |
| No           | No                    | Yes                    |               0 |            0 |
| No           | Yes                   | No                     |              29 |            9 |
| Yes          | No                    | No                     |               0 |            0 |
| Yes          | No                    | Yes                    |               0 |            0 |
| Yes          | Yes                   | No                     |               0 |            0 |
+--------------+-----------------------+------------------------+-----------------+--------------+


3. Detailed Control Set Information
-----------------------------------

+----------------+---------------+-------------------------------+------------------+----------------+
|  Clock Signal  | Enable Signal |        Set/Reset Signal       | Slice Load Count | Bel Load Count |
+----------------+---------------+-------------------------------+------------------+----------------+
|  clk_IBUF_BUFG |               |                               |                2 |              3 |
|                |               | bcd_digit_reg[3]_i_2_n_0      |                2 |              4 |
|  clk_IBUF_BUFG |               | big_clock_counter[25]_i_1_n_0 |                7 |             25 |
+----------------+---------------+-------------------------------+------------------+----------------+


+--------+-----------------------+
| Fanout | Number of ControlSets |
+--------+-----------------------+
| 3      |                     1 |
| 4      |                     1 |
| 16+    |                     1 |
+--------+-----------------------+


