Copyright 1986-2017 Xilinx, Inc. All Rights Reserved.
---------------------------------------------------------------------------------------------------------------------------------------------------------
| Tool Version : Vivado v.2017.2 (win64) Build 1909853 Thu Jun 15 18:39:09 MDT 2017
| Date         : Tue Sep 19 17:06:51 2017
| Host         : PK-Laptop running 64-bit major release  (build 9200)
| Command      : report_timing_summary -warn_on_violation -max_paths 10 -file toplevel_timing_summary_routed.rpt -rpx toplevel_timing_summary_routed.rpx
| Design       : toplevel
| Device       : 7a35t-cpg236
| Speed File   : -1  PRODUCTION 1.17 2017-05-11
---------------------------------------------------------------------------------------------------------------------------------------------------------

Timing Summary Report

------------------------------------------------------------------------------------------------
| Timer Settings
| --------------
------------------------------------------------------------------------------------------------

  Enable Multi Corner Analysis               :  Yes
  Enable Pessimism Removal                   :  Yes
  Pessimism Removal Resolution               :  Nearest Common Node
  Enable Input Delay Default Clock           :  No
  Enable Preset / Clear Arcs                 :  No
  Disable Flight Delays                      :  No
  Ignore I/O Paths                           :  No
  Timing Early Launch at Borrowing Latches   :  false

  Corner  Analyze    Analyze    
  Name    Max Paths  Min Paths  
  ------  ---------  ---------  
  Slow    Yes        Yes        
  Fast    Yes        Yes        



check_timing report

Table of Contents
-----------------
1. checking no_clock
2. checking constant_clock
3. checking pulse_width_clock
4. checking unconstrained_internal_endpoints
5. checking no_input_delay
6. checking no_output_delay
7. checking multiple_clock
8. checking generated_clocks
9. checking loops
10. checking partial_input_delay
11. checking partial_output_delay
12. checking latch_loops

1. checking no_clock
--------------------
 There are 0 register/latch pins with no clock.


2. checking constant_clock
--------------------------
 There are 0 register/latch pins with constant_clock.


3. checking pulse_width_clock
-----------------------------
 There are 0 register/latch pins which need pulse_width check


4. checking unconstrained_internal_endpoints
--------------------------------------------
 There are 0 pins that are not constrained for maximum delay.

 There are 8 pins that are not constrained for maximum delay due to constant clock. (MEDIUM)


5. checking no_input_delay
--------------------------
 There are 12 input ports with no input delay specified. (HIGH)

 There are 0 input ports with no input delay but user has a false path constraint.


6. checking no_output_delay
---------------------------
 There are 11 ports with no output delay specified. (HIGH)

 There are 0 ports with no output delay but user has a false path constraint

 There are 0 ports with no output delay but with a timing clock defined on it or propagating through it


7. checking multiple_clock
--------------------------
 There are 0 register/latch pins with multiple clocks.


8. checking generated_clocks
----------------------------
 There are 0 generated clocks that are not connected to a clock source.


9. checking loops
-----------------
 There are 0 combinational loops in the design.


10. checking partial_input_delay
--------------------------------
 There are 0 input ports with partial input delay specified.


11. checking partial_output_delay
---------------------------------
 There are 0 ports with partial output delay specified.


12. checking latch_loops
------------------------
 There are 0 combinational latch loops in the design through latch input



------------------------------------------------------------------------------------------------
| Design Timing Summary
| ---------------------
------------------------------------------------------------------------------------------------

    WNS(ns)      TNS(ns)  TNS Failing Endpoints  TNS Total Endpoints      WHS(ns)      THS(ns)  THS Failing Endpoints  THS Total Endpoints     WPWS(ns)     TPWS(ns)  TPWS Failing Endpoints  TPWS Total Endpoints  
    -------      -------  ---------------------  -------------------      -------      -------  ---------------------  -------------------     --------     --------  ----------------------  --------------------  
      5.154        0.000                      0                   53        0.263        0.000                      0                   53        4.500        0.000                       0                    29  


All user specified timing constraints are met.


------------------------------------------------------------------------------------------------
| Clock Summary
| -------------
------------------------------------------------------------------------------------------------

Clock        Waveform(ns)       Period(ns)      Frequency(MHz)
-----        ------------       ----------      --------------
sys_clk_pin  {0.000 5.000}      10.000          100.000         


------------------------------------------------------------------------------------------------
| Intra Clock Table
| -----------------
------------------------------------------------------------------------------------------------

Clock             WNS(ns)      TNS(ns)  TNS Failing Endpoints  TNS Total Endpoints      WHS(ns)      THS(ns)  THS Failing Endpoints  THS Total Endpoints     WPWS(ns)     TPWS(ns)  TPWS Failing Endpoints  TPWS Total Endpoints  
-----             -------      -------  ---------------------  -------------------      -------      -------  ---------------------  -------------------     --------     --------  ----------------------  --------------------  
sys_clk_pin         5.154        0.000                      0                   53        0.263        0.000                      0                   53        4.500        0.000                       0                    29  


------------------------------------------------------------------------------------------------
| Inter Clock Table
| -----------------
------------------------------------------------------------------------------------------------

From Clock    To Clock          WNS(ns)      TNS(ns)  TNS Failing Endpoints  TNS Total Endpoints      WHS(ns)      THS(ns)  THS Failing Endpoints  THS Total Endpoints  
----------    --------          -------      -------  ---------------------  -------------------      -------      -------  ---------------------  -------------------  


------------------------------------------------------------------------------------------------
| Other Path Groups Table
| -----------------------
------------------------------------------------------------------------------------------------

Path Group    From Clock    To Clock          WNS(ns)      TNS(ns)  TNS Failing Endpoints  TNS Total Endpoints      WHS(ns)      THS(ns)  THS Failing Endpoints  THS Total Endpoints  
----------    ----------    --------          -------      -------  ---------------------  -------------------      -------      -------  ---------------------  -------------------  


------------------------------------------------------------------------------------------------
| Timing Details
| --------------
------------------------------------------------------------------------------------------------


---------------------------------------------------------------------------------------------------
From Clock:  sys_clk_pin
  To Clock:  sys_clk_pin

Setup :            0  Failing Endpoints,  Worst Slack        5.154ns,  Total Violation        0.000ns
Hold  :            0  Failing Endpoints,  Worst Slack        0.263ns,  Total Violation        0.000ns
PW    :            0  Failing Endpoints,  Worst Slack        4.500ns,  Total Violation        0.000ns
---------------------------------------------------------------------------------------------------


Max Delay Paths
--------------------------------------------------------------------------------------
Slack (MET) :             5.154ns  (required time - arrival time)
  Source:                 big_clock_counter_reg[20]/C
                            (rising edge-triggered cell FDRE clocked by sys_clk_pin  {rise@0.000ns fall@5.000ns period=10.000ns})
  Destination:            big_clock_counter_reg[21]/R
                            (rising edge-triggered cell FDRE clocked by sys_clk_pin  {rise@0.000ns fall@5.000ns period=10.000ns})
  Path Group:             sys_clk_pin
  Path Type:              Setup (Max at Slow Process Corner)
  Requirement:            10.000ns  (sys_clk_pin rise@10.000ns - sys_clk_pin rise@0.000ns)
  Data Path Delay:        4.359ns  (logic 0.952ns (21.841%)  route 3.407ns (78.159%))
  Logic Levels:           4  (LUT4=1 LUT5=1 LUT6=2)
  Clock Path Skew:        -0.023ns (DCD - SCD + CPR)
    Destination Clock Delay (DCD):    4.849ns = ( 14.849 - 10.000 ) 
    Source Clock Delay      (SCD):    5.146ns
    Clock Pessimism Removal (CPR):    0.274ns
  Clock Uncertainty:      0.035ns  ((TSJ^2 + TIJ^2)^1/2 + DJ) / 2 + PE
    Total System Jitter     (TSJ):    0.071ns
    Total Input Jitter      (TIJ):    0.000ns
    Discrete Jitter          (DJ):    0.000ns
    Phase Error              (PE):    0.000ns

    Location             Delay type                Incr(ns)  Path(ns)    Netlist Resource(s)
  -------------------------------------------------------------------    -------------------
                         (clock sys_clk_pin rise edge)
                                                      0.000     0.000 r  
    W5                                                0.000     0.000 r  clk (IN)
                         net (fo=0)                   0.000     0.000    clk
    W5                   IBUF (Prop_ibuf_I_O)         1.458     1.458 r  clk_IBUF_inst/O
                         net (fo=1, routed)           1.967     3.425    clk_IBUF
    BUFGCTRL_X0Y0        BUFG (Prop_bufg_I_O)         0.096     3.521 r  clk_IBUF_BUFG_inst/O
                         net (fo=28, routed)          1.625     5.146    clk_IBUF_BUFG
    SLICE_X65Y29         FDRE                                         r  big_clock_counter_reg[20]/C
  -------------------------------------------------------------------    -------------------
    SLICE_X65Y29         FDRE (Prop_fdre_C_Q)         0.456     5.602 f  big_clock_counter_reg[20]/Q
                         net (fo=2, routed)           0.692     6.295    big_clock_counter_reg_n_0_[20]
    SLICE_X64Y29         LUT4 (Prop_lut4_I3_O)        0.124     6.419 f  big_clock_counter[25]_i_8/O
                         net (fo=1, routed)           0.307     6.726    big_clock_counter[25]_i_8_n_0
    SLICE_X64Y28         LUT5 (Prop_lut5_I4_O)        0.124     6.850 f  big_clock_counter[25]_i_7/O
                         net (fo=1, routed)           0.666     7.516    big_clock_counter[25]_i_7_n_0
    SLICE_X64Y26         LUT6 (Prop_lut6_I5_O)        0.124     7.640 f  big_clock_counter[25]_i_3/O
                         net (fo=1, routed)           0.304     7.944    big_clock_counter[25]_i_3_n_0
    SLICE_X64Y25         LUT6 (Prop_lut6_I0_O)        0.124     8.068 r  big_clock_counter[25]_i_1/O
                         net (fo=27, routed)          1.437     9.505    big_clock_counter[25]_i_1_n_0
    SLICE_X65Y30         FDRE                                         r  big_clock_counter_reg[21]/R
  -------------------------------------------------------------------    -------------------

                         (clock sys_clk_pin rise edge)
                                                     10.000    10.000 r  
    W5                                                0.000    10.000 r  clk (IN)
                         net (fo=0)                   0.000    10.000    clk
    W5                   IBUF (Prop_ibuf_I_O)         1.388    11.388 r  clk_IBUF_inst/O
                         net (fo=1, routed)           1.862    13.250    clk_IBUF
    BUFGCTRL_X0Y0        BUFG (Prop_bufg_I_O)         0.091    13.341 r  clk_IBUF_BUFG_inst/O
                         net (fo=28, routed)          1.508    14.849    clk_IBUF_BUFG
    SLICE_X65Y30         FDRE                                         r  big_clock_counter_reg[21]/C
                         clock pessimism              0.274    15.123    
                         clock uncertainty           -0.035    15.088    
    SLICE_X65Y30         FDRE (Setup_fdre_C_R)       -0.429    14.659    big_clock_counter_reg[21]
  -------------------------------------------------------------------
                         required time                         14.659    
                         arrival time                          -9.505    
  -------------------------------------------------------------------
                         slack                                  5.154    

Slack (MET) :             5.154ns  (required time - arrival time)
  Source:                 big_clock_counter_reg[20]/C
                            (rising edge-triggered cell FDRE clocked by sys_clk_pin  {rise@0.000ns fall@5.000ns period=10.000ns})
  Destination:            big_clock_counter_reg[22]/R
                            (rising edge-triggered cell FDRE clocked by sys_clk_pin  {rise@0.000ns fall@5.000ns period=10.000ns})
  Path Group:             sys_clk_pin
  Path Type:              Setup (Max at Slow Process Corner)
  Requirement:            10.000ns  (sys_clk_pin rise@10.000ns - sys_clk_pin rise@0.000ns)
  Data Path Delay:        4.359ns  (logic 0.952ns (21.841%)  route 3.407ns (78.159%))
  Logic Levels:           4  (LUT4=1 LUT5=1 LUT6=2)
  Clock Path Skew:        -0.023ns (DCD - SCD + CPR)
    Destination Clock Delay (DCD):    4.849ns = ( 14.849 - 10.000 ) 
    Source Clock Delay      (SCD):    5.146ns
    Clock Pessimism Removal (CPR):    0.274ns
  Clock Uncertainty:      0.035ns  ((TSJ^2 + TIJ^2)^1/2 + DJ) / 2 + PE
    Total System Jitter     (TSJ):    0.071ns
    Total Input Jitter      (TIJ):    0.000ns
    Discrete Jitter          (DJ):    0.000ns
    Phase Error              (PE):    0.000ns

    Location             Delay type                Incr(ns)  Path(ns)    Netlist Resource(s)
  -------------------------------------------------------------------    -------------------
                         (clock sys_clk_pin rise edge)
                                                      0.000     0.000 r  
    W5                                                0.000     0.000 r  clk (IN)
                         net (fo=0)                   0.000     0.000    clk
    W5                   IBUF (Prop_ibuf_I_O)         1.458     1.458 r  clk_IBUF_inst/O
                         net (fo=1, routed)           1.967     3.425    clk_IBUF
    BUFGCTRL_X0Y0        BUFG (Prop_bufg_I_O)         0.096     3.521 r  clk_IBUF_BUFG_inst/O
                         net (fo=28, routed)          1.625     5.146    clk_IBUF_BUFG
    SLICE_X65Y29         FDRE                                         r  big_clock_counter_reg[20]/C
  -------------------------------------------------------------------    -------------------
    SLICE_X65Y29         FDRE (Prop_fdre_C_Q)         0.456     5.602 f  big_clock_counter_reg[20]/Q
                         net (fo=2, routed)           0.692     6.295    big_clock_counter_reg_n_0_[20]
    SLICE_X64Y29         LUT4 (Prop_lut4_I3_O)        0.124     6.419 f  big_clock_counter[25]_i_8/O
                         net (fo=1, routed)           0.307     6.726    big_clock_counter[25]_i_8_n_0
    SLICE_X64Y28         LUT5 (Prop_lut5_I4_O)        0.124     6.850 f  big_clock_counter[25]_i_7/O
                         net (fo=1, routed)           0.666     7.516    big_clock_counter[25]_i_7_n_0
    SLICE_X64Y26         LUT6 (Prop_lut6_I5_O)        0.124     7.640 f  big_clock_counter[25]_i_3/O
                         net (fo=1, routed)           0.304     7.944    big_clock_counter[25]_i_3_n_0
    SLICE_X64Y25         LUT6 (Prop_lut6_I0_O)        0.124     8.068 r  big_clock_counter[25]_i_1/O
                         net (fo=27, routed)          1.437     9.505    big_clock_counter[25]_i_1_n_0
    SLICE_X65Y30         FDRE                                         r  big_clock_counter_reg[22]/R
  -------------------------------------------------------------------    -------------------

                         (clock sys_clk_pin rise edge)
                                                     10.000    10.000 r  
    W5                                                0.000    10.000 r  clk (IN)
                         net (fo=0)                   0.000    10.000    clk
    W5                   IBUF (Prop_ibuf_I_O)         1.388    11.388 r  clk_IBUF_inst/O
                         net (fo=1, routed)           1.862    13.250    clk_IBUF
    BUFGCTRL_X0Y0        BUFG (Prop_bufg_I_O)         0.091    13.341 r  clk_IBUF_BUFG_inst/O
                         net (fo=28, routed)          1.508    14.849    clk_IBUF_BUFG
    SLICE_X65Y30         FDRE                                         r  big_clock_counter_reg[22]/C
                         clock pessimism              0.274    15.123    
                         clock uncertainty           -0.035    15.088    
    SLICE_X65Y30         FDRE (Setup_fdre_C_R)       -0.429    14.659    big_clock_counter_reg[22]
  -------------------------------------------------------------------
                         required time                         14.659    
                         arrival time                          -9.505    
  -------------------------------------------------------------------
                         slack                                  5.154    

Slack (MET) :             5.154ns  (required time - arrival time)
  Source:                 big_clock_counter_reg[20]/C
                            (rising edge-triggered cell FDRE clocked by sys_clk_pin  {rise@0.000ns fall@5.000ns period=10.000ns})
  Destination:            big_clock_counter_reg[23]/R
                            (rising edge-triggered cell FDRE clocked by sys_clk_pin  {rise@0.000ns fall@5.000ns period=10.000ns})
  Path Group:             sys_clk_pin
  Path Type:              Setup (Max at Slow Process Corner)
  Requirement:            10.000ns  (sys_clk_pin rise@10.000ns - sys_clk_pin rise@0.000ns)
  Data Path Delay:        4.359ns  (logic 0.952ns (21.841%)  route 3.407ns (78.159%))
  Logic Levels:           4  (LUT4=1 LUT5=1 LUT6=2)
  Clock Path Skew:        -0.023ns (DCD - SCD + CPR)
    Destination Clock Delay (DCD):    4.849ns = ( 14.849 - 10.000 ) 
    Source Clock Delay      (SCD):    5.146ns
    Clock Pessimism Removal (CPR):    0.274ns
  Clock Uncertainty:      0.035ns  ((TSJ^2 + TIJ^2)^1/2 + DJ) / 2 + PE
    Total System Jitter     (TSJ):    0.071ns
    Total Input Jitter      (TIJ):    0.000ns
    Discrete Jitter          (DJ):    0.000ns
    Phase Error              (PE):    0.000ns

    Location             Delay type                Incr(ns)  Path(ns)    Netlist Resource(s)
  -------------------------------------------------------------------    -------------------
                         (clock sys_clk_pin rise edge)
                                                      0.000     0.000 r  
    W5                                                0.000     0.000 r  clk (IN)
                         net (fo=0)                   0.000     0.000    clk
    W5                   IBUF (Prop_ibuf_I_O)         1.458     1.458 r  clk_IBUF_inst/O
                         net (fo=1, routed)           1.967     3.425    clk_IBUF
    BUFGCTRL_X0Y0        BUFG (Prop_bufg_I_O)         0.096     3.521 r  clk_IBUF_BUFG_inst/O
                         net (fo=28, routed)          1.625     5.146    clk_IBUF_BUFG
    SLICE_X65Y29         FDRE                                         r  big_clock_counter_reg[20]/C
  -------------------------------------------------------------------    -------------------
    SLICE_X65Y29         FDRE (Prop_fdre_C_Q)         0.456     5.602 f  big_clock_counter_reg[20]/Q
                         net (fo=2, routed)           0.692     6.295    big_clock_counter_reg_n_0_[20]
    SLICE_X64Y29         LUT4 (Prop_lut4_I3_O)        0.124     6.419 f  big_clock_counter[25]_i_8/O
                         net (fo=1, routed)           0.307     6.726    big_clock_counter[25]_i_8_n_0
    SLICE_X64Y28         LUT5 (Prop_lut5_I4_O)        0.124     6.850 f  big_clock_counter[25]_i_7/O
                         net (fo=1, routed)           0.666     7.516    big_clock_counter[25]_i_7_n_0
    SLICE_X64Y26         LUT6 (Prop_lut6_I5_O)        0.124     7.640 f  big_clock_counter[25]_i_3/O
                         net (fo=1, routed)           0.304     7.944    big_clock_counter[25]_i_3_n_0
    SLICE_X64Y25         LUT6 (Prop_lut6_I0_O)        0.124     8.068 r  big_clock_counter[25]_i_1/O
                         net (fo=27, routed)          1.437     9.505    big_clock_counter[25]_i_1_n_0
    SLICE_X65Y30         FDRE                                         r  big_clock_counter_reg[23]/R
  -------------------------------------------------------------------    -------------------

                         (clock sys_clk_pin rise edge)
                                                     10.000    10.000 r  
    W5                                                0.000    10.000 r  clk (IN)
                         net (fo=0)                   0.000    10.000    clk
    W5                   IBUF (Prop_ibuf_I_O)         1.388    11.388 r  clk_IBUF_inst/O
                         net (fo=1, routed)           1.862    13.250    clk_IBUF
    BUFGCTRL_X0Y0        BUFG (Prop_bufg_I_O)         0.091    13.341 r  clk_IBUF_BUFG_inst/O
                         net (fo=28, routed)          1.508    14.849    clk_IBUF_BUFG
    SLICE_X65Y30         FDRE                                         r  big_clock_counter_reg[23]/C
                         clock pessimism              0.274    15.123    
                         clock uncertainty           -0.035    15.088    
    SLICE_X65Y30         FDRE (Setup_fdre_C_R)       -0.429    14.659    big_clock_counter_reg[23]
  -------------------------------------------------------------------
                         required time                         14.659    
                         arrival time                          -9.505    
  -------------------------------------------------------------------
                         slack                                  5.154    

Slack (MET) :             5.154ns  (required time - arrival time)
  Source:                 big_clock_counter_reg[20]/C
                            (rising edge-triggered cell FDRE clocked by sys_clk_pin  {rise@0.000ns fall@5.000ns period=10.000ns})
  Destination:            big_clock_counter_reg[24]/R
                            (rising edge-triggered cell FDRE clocked by sys_clk_pin  {rise@0.000ns fall@5.000ns period=10.000ns})
  Path Group:             sys_clk_pin
  Path Type:              Setup (Max at Slow Process Corner)
  Requirement:            10.000ns  (sys_clk_pin rise@10.000ns - sys_clk_pin rise@0.000ns)
  Data Path Delay:        4.359ns  (logic 0.952ns (21.841%)  route 3.407ns (78.159%))
  Logic Levels:           4  (LUT4=1 LUT5=1 LUT6=2)
  Clock Path Skew:        -0.023ns (DCD - SCD + CPR)
    Destination Clock Delay (DCD):    4.849ns = ( 14.849 - 10.000 ) 
    Source Clock Delay      (SCD):    5.146ns
    Clock Pessimism Removal (CPR):    0.274ns
  Clock Uncertainty:      0.035ns  ((TSJ^2 + TIJ^2)^1/2 + DJ) / 2 + PE
    Total System Jitter     (TSJ):    0.071ns
    Total Input Jitter      (TIJ):    0.000ns
    Discrete Jitter          (DJ):    0.000ns
    Phase Error              (PE):    0.000ns

    Location             Delay type                Incr(ns)  Path(ns)    Netlist Resource(s)
  -------------------------------------------------------------------    -------------------
                         (clock sys_clk_pin rise edge)
                                                      0.000     0.000 r  
    W5                                                0.000     0.000 r  clk (IN)
                         net (fo=0)                   0.000     0.000    clk
    W5                   IBUF (Prop_ibuf_I_O)         1.458     1.458 r  clk_IBUF_inst/O
                         net (fo=1, routed)           1.967     3.425    clk_IBUF
    BUFGCTRL_X0Y0        BUFG (Prop_bufg_I_O)         0.096     3.521 r  clk_IBUF_BUFG_inst/O
                         net (fo=28, routed)          1.625     5.146    clk_IBUF_BUFG
    SLICE_X65Y29         FDRE                                         r  big_clock_counter_reg[20]/C
  -------------------------------------------------------------------    -------------------
    SLICE_X65Y29         FDRE (Prop_fdre_C_Q)         0.456     5.602 f  big_clock_counter_reg[20]/Q
                         net (fo=2, routed)           0.692     6.295    big_clock_counter_reg_n_0_[20]
    SLICE_X64Y29         LUT4 (Prop_lut4_I3_O)        0.124     6.419 f  big_clock_counter[25]_i_8/O
                         net (fo=1, routed)           0.307     6.726    big_clock_counter[25]_i_8_n_0
    SLICE_X64Y28         LUT5 (Prop_lut5_I4_O)        0.124     6.850 f  big_clock_counter[25]_i_7/O
                         net (fo=1, routed)           0.666     7.516    big_clock_counter[25]_i_7_n_0
    SLICE_X64Y26         LUT6 (Prop_lut6_I5_O)        0.124     7.640 f  big_clock_counter[25]_i_3/O
                         net (fo=1, routed)           0.304     7.944    big_clock_counter[25]_i_3_n_0
    SLICE_X64Y25         LUT6 (Prop_lut6_I0_O)        0.124     8.068 r  big_clock_counter[25]_i_1/O
                         net (fo=27, routed)          1.437     9.505    big_clock_counter[25]_i_1_n_0
    SLICE_X65Y30         FDRE                                         r  big_clock_counter_reg[24]/R
  -------------------------------------------------------------------    -------------------

                         (clock sys_clk_pin rise edge)
                                                     10.000    10.000 r  
    W5                                                0.000    10.000 r  clk (IN)
                         net (fo=0)                   0.000    10.000    clk
    W5                   IBUF (Prop_ibuf_I_O)         1.388    11.388 r  clk_IBUF_inst/O
                         net (fo=1, routed)           1.862    13.250    clk_IBUF
    BUFGCTRL_X0Y0        BUFG (Prop_bufg_I_O)         0.091    13.341 r  clk_IBUF_BUFG_inst/O
                         net (fo=28, routed)          1.508    14.849    clk_IBUF_BUFG
    SLICE_X65Y30         FDRE                                         r  big_clock_counter_reg[24]/C
                         clock pessimism              0.274    15.123    
                         clock uncertainty           -0.035    15.088    
    SLICE_X65Y30         FDRE (Setup_fdre_C_R)       -0.429    14.659    big_clock_counter_reg[24]
  -------------------------------------------------------------------
                         required time                         14.659    
                         arrival time                          -9.505    
  -------------------------------------------------------------------
                         slack                                  5.154    

Slack (MET) :             5.160ns  (required time - arrival time)
  Source:                 big_clock_counter_reg[20]/C
                            (rising edge-triggered cell FDRE clocked by sys_clk_pin  {rise@0.000ns fall@5.000ns period=10.000ns})
  Destination:            big_clock_counter_reg[25]/R
                            (rising edge-triggered cell FDRE clocked by sys_clk_pin  {rise@0.000ns fall@5.000ns period=10.000ns})
  Path Group:             sys_clk_pin
  Path Type:              Setup (Max at Slow Process Corner)
  Requirement:            10.000ns  (sys_clk_pin rise@10.000ns - sys_clk_pin rise@0.000ns)
  Data Path Delay:        4.354ns  (logic 0.952ns (21.867%)  route 3.402ns (78.133%))
  Logic Levels:           4  (LUT4=1 LUT5=1 LUT6=2)
  Clock Path Skew:        -0.022ns (DCD - SCD + CPR)
    Destination Clock Delay (DCD):    4.850ns = ( 14.850 - 10.000 ) 
    Source Clock Delay      (SCD):    5.146ns
    Clock Pessimism Removal (CPR):    0.274ns
  Clock Uncertainty:      0.035ns  ((TSJ^2 + TIJ^2)^1/2 + DJ) / 2 + PE
    Total System Jitter     (TSJ):    0.071ns
    Total Input Jitter      (TIJ):    0.000ns
    Discrete Jitter          (DJ):    0.000ns
    Phase Error              (PE):    0.000ns

    Location             Delay type                Incr(ns)  Path(ns)    Netlist Resource(s)
  -------------------------------------------------------------------    -------------------
                         (clock sys_clk_pin rise edge)
                                                      0.000     0.000 r  
    W5                                                0.000     0.000 r  clk (IN)
                         net (fo=0)                   0.000     0.000    clk
    W5                   IBUF (Prop_ibuf_I_O)         1.458     1.458 r  clk_IBUF_inst/O
                         net (fo=1, routed)           1.967     3.425    clk_IBUF
    BUFGCTRL_X0Y0        BUFG (Prop_bufg_I_O)         0.096     3.521 r  clk_IBUF_BUFG_inst/O
                         net (fo=28, routed)          1.625     5.146    clk_IBUF_BUFG
    SLICE_X65Y29         FDRE                                         r  big_clock_counter_reg[20]/C
  -------------------------------------------------------------------    -------------------
    SLICE_X65Y29         FDRE (Prop_fdre_C_Q)         0.456     5.602 f  big_clock_counter_reg[20]/Q
                         net (fo=2, routed)           0.692     6.295    big_clock_counter_reg_n_0_[20]
    SLICE_X64Y29         LUT4 (Prop_lut4_I3_O)        0.124     6.419 f  big_clock_counter[25]_i_8/O
                         net (fo=1, routed)           0.307     6.726    big_clock_counter[25]_i_8_n_0
    SLICE_X64Y28         LUT5 (Prop_lut5_I4_O)        0.124     6.850 f  big_clock_counter[25]_i_7/O
                         net (fo=1, routed)           0.666     7.516    big_clock_counter[25]_i_7_n_0
    SLICE_X64Y26         LUT6 (Prop_lut6_I5_O)        0.124     7.640 f  big_clock_counter[25]_i_3/O
                         net (fo=1, routed)           0.304     7.944    big_clock_counter[25]_i_3_n_0
    SLICE_X64Y25         LUT6 (Prop_lut6_I0_O)        0.124     8.068 r  big_clock_counter[25]_i_1/O
                         net (fo=27, routed)          1.432     9.500    big_clock_counter[25]_i_1_n_0
    SLICE_X65Y31         FDRE                                         r  big_clock_counter_reg[25]/R
  -------------------------------------------------------------------    -------------------

                         (clock sys_clk_pin rise edge)
                                                     10.000    10.000 r  
    W5                                                0.000    10.000 r  clk (IN)
                         net (fo=0)                   0.000    10.000    clk
    W5                   IBUF (Prop_ibuf_I_O)         1.388    11.388 r  clk_IBUF_inst/O
                         net (fo=1, routed)           1.862    13.250    clk_IBUF
    BUFGCTRL_X0Y0        BUFG (Prop_bufg_I_O)         0.091    13.341 r  clk_IBUF_BUFG_inst/O
                         net (fo=28, routed)          1.509    14.850    clk_IBUF_BUFG
    SLICE_X65Y31         FDRE                                         r  big_clock_counter_reg[25]/C
                         clock pessimism              0.274    15.124    
                         clock uncertainty           -0.035    15.089    
    SLICE_X65Y31         FDRE (Setup_fdre_C_R)       -0.429    14.660    big_clock_counter_reg[25]
  -------------------------------------------------------------------
                         required time                         14.660    
                         arrival time                          -9.500    
  -------------------------------------------------------------------
                         slack                                  5.160    

Slack (MET) :             5.315ns  (required time - arrival time)
  Source:                 big_clock_counter_reg[20]/C
                            (rising edge-triggered cell FDRE clocked by sys_clk_pin  {rise@0.000ns fall@5.000ns period=10.000ns})
  Destination:            big_clock_counter_reg[17]/R
                            (rising edge-triggered cell FDRE clocked by sys_clk_pin  {rise@0.000ns fall@5.000ns period=10.000ns})
  Path Group:             sys_clk_pin
  Path Type:              Setup (Max at Slow Process Corner)
  Requirement:            10.000ns  (sys_clk_pin rise@10.000ns - sys_clk_pin rise@0.000ns)
  Data Path Delay:        4.220ns  (logic 0.952ns (22.557%)  route 3.268ns (77.443%))
  Logic Levels:           4  (LUT4=1 LUT5=1 LUT6=2)
  Clock Path Skew:        0.000ns (DCD - SCD + CPR)
    Destination Clock Delay (DCD):    4.849ns = ( 14.849 - 10.000 ) 
    Source Clock Delay      (SCD):    5.146ns
    Clock Pessimism Removal (CPR):    0.297ns
  Clock Uncertainty:      0.035ns  ((TSJ^2 + TIJ^2)^1/2 + DJ) / 2 + PE
    Total System Jitter     (TSJ):    0.071ns
    Total Input Jitter      (TIJ):    0.000ns
    Discrete Jitter          (DJ):    0.000ns
    Phase Error              (PE):    0.000ns

    Location             Delay type                Incr(ns)  Path(ns)    Netlist Resource(s)
  -------------------------------------------------------------------    -------------------
                         (clock sys_clk_pin rise edge)
                                                      0.000     0.000 r  
    W5                                                0.000     0.000 r  clk (IN)
                         net (fo=0)                   0.000     0.000    clk
    W5                   IBUF (Prop_ibuf_I_O)         1.458     1.458 r  clk_IBUF_inst/O
                         net (fo=1, routed)           1.967     3.425    clk_IBUF
    BUFGCTRL_X0Y0        BUFG (Prop_bufg_I_O)         0.096     3.521 r  clk_IBUF_BUFG_inst/O
                         net (fo=28, routed)          1.625     5.146    clk_IBUF_BUFG
    SLICE_X65Y29         FDRE                                         r  big_clock_counter_reg[20]/C
  -------------------------------------------------------------------    -------------------
    SLICE_X65Y29         FDRE (Prop_fdre_C_Q)         0.456     5.602 f  big_clock_counter_reg[20]/Q
                         net (fo=2, routed)           0.692     6.295    big_clock_counter_reg_n_0_[20]
    SLICE_X64Y29         LUT4 (Prop_lut4_I3_O)        0.124     6.419 f  big_clock_counter[25]_i_8/O
                         net (fo=1, routed)           0.307     6.726    big_clock_counter[25]_i_8_n_0
    SLICE_X64Y28         LUT5 (Prop_lut5_I4_O)        0.124     6.850 f  big_clock_counter[25]_i_7/O
                         net (fo=1, routed)           0.666     7.516    big_clock_counter[25]_i_7_n_0
    SLICE_X64Y26         LUT6 (Prop_lut6_I5_O)        0.124     7.640 f  big_clock_counter[25]_i_3/O
                         net (fo=1, routed)           0.304     7.944    big_clock_counter[25]_i_3_n_0
    SLICE_X64Y25         LUT6 (Prop_lut6_I0_O)        0.124     8.068 r  big_clock_counter[25]_i_1/O
                         net (fo=27, routed)          1.298     9.367    big_clock_counter[25]_i_1_n_0
    SLICE_X65Y29         FDRE                                         r  big_clock_counter_reg[17]/R
  -------------------------------------------------------------------    -------------------

                         (clock sys_clk_pin rise edge)
                                                     10.000    10.000 r  
    W5                                                0.000    10.000 r  clk (IN)
                         net (fo=0)                   0.000    10.000    clk
    W5                   IBUF (Prop_ibuf_I_O)         1.388    11.388 r  clk_IBUF_inst/O
                         net (fo=1, routed)           1.862    13.250    clk_IBUF
    BUFGCTRL_X0Y0        BUFG (Prop_bufg_I_O)         0.091    13.341 r  clk_IBUF_BUFG_inst/O
                         net (fo=28, routed)          1.508    14.849    clk_IBUF_BUFG
    SLICE_X65Y29         FDRE                                         r  big_clock_counter_reg[17]/C
                         clock pessimism              0.297    15.146    
                         clock uncertainty           -0.035    15.111    
    SLICE_X65Y29         FDRE (Setup_fdre_C_R)       -0.429    14.682    big_clock_counter_reg[17]
  -------------------------------------------------------------------
                         required time                         14.682    
                         arrival time                          -9.367    
  -------------------------------------------------------------------
                         slack                                  5.315    

Slack (MET) :             5.315ns  (required time - arrival time)
  Source:                 big_clock_counter_reg[20]/C
                            (rising edge-triggered cell FDRE clocked by sys_clk_pin  {rise@0.000ns fall@5.000ns period=10.000ns})
  Destination:            big_clock_counter_reg[18]/R
                            (rising edge-triggered cell FDRE clocked by sys_clk_pin  {rise@0.000ns fall@5.000ns period=10.000ns})
  Path Group:             sys_clk_pin
  Path Type:              Setup (Max at Slow Process Corner)
  Requirement:            10.000ns  (sys_clk_pin rise@10.000ns - sys_clk_pin rise@0.000ns)
  Data Path Delay:        4.220ns  (logic 0.952ns (22.557%)  route 3.268ns (77.443%))
  Logic Levels:           4  (LUT4=1 LUT5=1 LUT6=2)
  Clock Path Skew:        0.000ns (DCD - SCD + CPR)
    Destination Clock Delay (DCD):    4.849ns = ( 14.849 - 10.000 ) 
    Source Clock Delay      (SCD):    5.146ns
    Clock Pessimism Removal (CPR):    0.297ns
  Clock Uncertainty:      0.035ns  ((TSJ^2 + TIJ^2)^1/2 + DJ) / 2 + PE
    Total System Jitter     (TSJ):    0.071ns
    Total Input Jitter      (TIJ):    0.000ns
    Discrete Jitter          (DJ):    0.000ns
    Phase Error              (PE):    0.000ns

    Location             Delay type                Incr(ns)  Path(ns)    Netlist Resource(s)
  -------------------------------------------------------------------    -------------------
                         (clock sys_clk_pin rise edge)
                                                      0.000     0.000 r  
    W5                                                0.000     0.000 r  clk (IN)
                         net (fo=0)                   0.000     0.000    clk
    W5                   IBUF (Prop_ibuf_I_O)         1.458     1.458 r  clk_IBUF_inst/O
                         net (fo=1, routed)           1.967     3.425    clk_IBUF
    BUFGCTRL_X0Y0        BUFG (Prop_bufg_I_O)         0.096     3.521 r  clk_IBUF_BUFG_inst/O
                         net (fo=28, routed)          1.625     5.146    clk_IBUF_BUFG
    SLICE_X65Y29         FDRE                                         r  big_clock_counter_reg[20]/C
  -------------------------------------------------------------------    -------------------
    SLICE_X65Y29         FDRE (Prop_fdre_C_Q)         0.456     5.602 f  big_clock_counter_reg[20]/Q
                         net (fo=2, routed)           0.692     6.295    big_clock_counter_reg_n_0_[20]
    SLICE_X64Y29         LUT4 (Prop_lut4_I3_O)        0.124     6.419 f  big_clock_counter[25]_i_8/O
                         net (fo=1, routed)           0.307     6.726    big_clock_counter[25]_i_8_n_0
    SLICE_X64Y28         LUT5 (Prop_lut5_I4_O)        0.124     6.850 f  big_clock_counter[25]_i_7/O
                         net (fo=1, routed)           0.666     7.516    big_clock_counter[25]_i_7_n_0
    SLICE_X64Y26         LUT6 (Prop_lut6_I5_O)        0.124     7.640 f  big_clock_counter[25]_i_3/O
                         net (fo=1, routed)           0.304     7.944    big_clock_counter[25]_i_3_n_0
    SLICE_X64Y25         LUT6 (Prop_lut6_I0_O)        0.124     8.068 r  big_clock_counter[25]_i_1/O
                         net (fo=27, routed)          1.298     9.367    big_clock_counter[25]_i_1_n_0
    SLICE_X65Y29         FDRE                                         r  big_clock_counter_reg[18]/R
  -------------------------------------------------------------------    -------------------

                         (clock sys_clk_pin rise edge)
                                                     10.000    10.000 r  
    W5                                                0.000    10.000 r  clk (IN)
                         net (fo=0)                   0.000    10.000    clk
    W5                   IBUF (Prop_ibuf_I_O)         1.388    11.388 r  clk_IBUF_inst/O
                         net (fo=1, routed)           1.862    13.250    clk_IBUF
    BUFGCTRL_X0Y0        BUFG (Prop_bufg_I_O)         0.091    13.341 r  clk_IBUF_BUFG_inst/O
                         net (fo=28, routed)          1.508    14.849    clk_IBUF_BUFG
    SLICE_X65Y29         FDRE                                         r  big_clock_counter_reg[18]/C
                         clock pessimism              0.297    15.146    
                         clock uncertainty           -0.035    15.111    
    SLICE_X65Y29         FDRE (Setup_fdre_C_R)       -0.429    14.682    big_clock_counter_reg[18]
  -------------------------------------------------------------------
                         required time                         14.682    
                         arrival time                          -9.367    
  -------------------------------------------------------------------
                         slack                                  5.315    

Slack (MET) :             5.315ns  (required time - arrival time)
  Source:                 big_clock_counter_reg[20]/C
                            (rising edge-triggered cell FDRE clocked by sys_clk_pin  {rise@0.000ns fall@5.000ns period=10.000ns})
  Destination:            big_clock_counter_reg[19]/R
                            (rising edge-triggered cell FDRE clocked by sys_clk_pin  {rise@0.000ns fall@5.000ns period=10.000ns})
  Path Group:             sys_clk_pin
  Path Type:              Setup (Max at Slow Process Corner)
  Requirement:            10.000ns  (sys_clk_pin rise@10.000ns - sys_clk_pin rise@0.000ns)
  Data Path Delay:        4.220ns  (logic 0.952ns (22.557%)  route 3.268ns (77.443%))
  Logic Levels:           4  (LUT4=1 LUT5=1 LUT6=2)
  Clock Path Skew:        0.000ns (DCD - SCD + CPR)
    Destination Clock Delay (DCD):    4.849ns = ( 14.849 - 10.000 ) 
    Source Clock Delay      (SCD):    5.146ns
    Clock Pessimism Removal (CPR):    0.297ns
  Clock Uncertainty:      0.035ns  ((TSJ^2 + TIJ^2)^1/2 + DJ) / 2 + PE
    Total System Jitter     (TSJ):    0.071ns
    Total Input Jitter      (TIJ):    0.000ns
    Discrete Jitter          (DJ):    0.000ns
    Phase Error              (PE):    0.000ns

    Location             Delay type                Incr(ns)  Path(ns)    Netlist Resource(s)
  -------------------------------------------------------------------    -------------------
                         (clock sys_clk_pin rise edge)
                                                      0.000     0.000 r  
    W5                                                0.000     0.000 r  clk (IN)
                         net (fo=0)                   0.000     0.000    clk
    W5                   IBUF (Prop_ibuf_I_O)         1.458     1.458 r  clk_IBUF_inst/O
                         net (fo=1, routed)           1.967     3.425    clk_IBUF
    BUFGCTRL_X0Y0        BUFG (Prop_bufg_I_O)         0.096     3.521 r  clk_IBUF_BUFG_inst/O
                         net (fo=28, routed)          1.625     5.146    clk_IBUF_BUFG
    SLICE_X65Y29         FDRE                                         r  big_clock_counter_reg[20]/C
  -------------------------------------------------------------------    -------------------
    SLICE_X65Y29         FDRE (Prop_fdre_C_Q)         0.456     5.602 f  big_clock_counter_reg[20]/Q
                         net (fo=2, routed)           0.692     6.295    big_clock_counter_reg_n_0_[20]
    SLICE_X64Y29         LUT4 (Prop_lut4_I3_O)        0.124     6.419 f  big_clock_counter[25]_i_8/O
                         net (fo=1, routed)           0.307     6.726    big_clock_counter[25]_i_8_n_0
    SLICE_X64Y28         LUT5 (Prop_lut5_I4_O)        0.124     6.850 f  big_clock_counter[25]_i_7/O
                         net (fo=1, routed)           0.666     7.516    big_clock_counter[25]_i_7_n_0
    SLICE_X64Y26         LUT6 (Prop_lut6_I5_O)        0.124     7.640 f  big_clock_counter[25]_i_3/O
                         net (fo=1, routed)           0.304     7.944    big_clock_counter[25]_i_3_n_0
    SLICE_X64Y25         LUT6 (Prop_lut6_I0_O)        0.124     8.068 r  big_clock_counter[25]_i_1/O
                         net (fo=27, routed)          1.298     9.367    big_clock_counter[25]_i_1_n_0
    SLICE_X65Y29         FDRE                                         r  big_clock_counter_reg[19]/R
  -------------------------------------------------------------------    -------------------

                         (clock sys_clk_pin rise edge)
                                                     10.000    10.000 r  
    W5                                                0.000    10.000 r  clk (IN)
                         net (fo=0)                   0.000    10.000    clk
    W5                   IBUF (Prop_ibuf_I_O)         1.388    11.388 r  clk_IBUF_inst/O
                         net (fo=1, routed)           1.862    13.250    clk_IBUF
    BUFGCTRL_X0Y0        BUFG (Prop_bufg_I_O)         0.091    13.341 r  clk_IBUF_BUFG_inst/O
                         net (fo=28, routed)          1.508    14.849    clk_IBUF_BUFG
    SLICE_X65Y29         FDRE                                         r  big_clock_counter_reg[19]/C
                         clock pessimism              0.297    15.146    
                         clock uncertainty           -0.035    15.111    
    SLICE_X65Y29         FDRE (Setup_fdre_C_R)       -0.429    14.682    big_clock_counter_reg[19]
  -------------------------------------------------------------------
                         required time                         14.682    
                         arrival time                          -9.367    
  -------------------------------------------------------------------
                         slack                                  5.315    

Slack (MET) :             5.315ns  (required time - arrival time)
  Source:                 big_clock_counter_reg[20]/C
                            (rising edge-triggered cell FDRE clocked by sys_clk_pin  {rise@0.000ns fall@5.000ns period=10.000ns})
  Destination:            big_clock_counter_reg[20]/R
                            (rising edge-triggered cell FDRE clocked by sys_clk_pin  {rise@0.000ns fall@5.000ns period=10.000ns})
  Path Group:             sys_clk_pin
  Path Type:              Setup (Max at Slow Process Corner)
  Requirement:            10.000ns  (sys_clk_pin rise@10.000ns - sys_clk_pin rise@0.000ns)
  Data Path Delay:        4.220ns  (logic 0.952ns (22.557%)  route 3.268ns (77.443%))
  Logic Levels:           4  (LUT4=1 LUT5=1 LUT6=2)
  Clock Path Skew:        0.000ns (DCD - SCD + CPR)
    Destination Clock Delay (DCD):    4.849ns = ( 14.849 - 10.000 ) 
    Source Clock Delay      (SCD):    5.146ns
    Clock Pessimism Removal (CPR):    0.297ns
  Clock Uncertainty:      0.035ns  ((TSJ^2 + TIJ^2)^1/2 + DJ) / 2 + PE
    Total System Jitter     (TSJ):    0.071ns
    Total Input Jitter      (TIJ):    0.000ns
    Discrete Jitter          (DJ):    0.000ns
    Phase Error              (PE):    0.000ns

    Location             Delay type                Incr(ns)  Path(ns)    Netlist Resource(s)
  -------------------------------------------------------------------    -------------------
                         (clock sys_clk_pin rise edge)
                                                      0.000     0.000 r  
    W5                                                0.000     0.000 r  clk (IN)
                         net (fo=0)                   0.000     0.000    clk
    W5                   IBUF (Prop_ibuf_I_O)         1.458     1.458 r  clk_IBUF_inst/O
                         net (fo=1, routed)           1.967     3.425    clk_IBUF
    BUFGCTRL_X0Y0        BUFG (Prop_bufg_I_O)         0.096     3.521 r  clk_IBUF_BUFG_inst/O
                         net (fo=28, routed)          1.625     5.146    clk_IBUF_BUFG
    SLICE_X65Y29         FDRE                                         r  big_clock_counter_reg[20]/C
  -------------------------------------------------------------------    -------------------
    SLICE_X65Y29         FDRE (Prop_fdre_C_Q)         0.456     5.602 f  big_clock_counter_reg[20]/Q
                         net (fo=2, routed)           0.692     6.295    big_clock_counter_reg_n_0_[20]
    SLICE_X64Y29         LUT4 (Prop_lut4_I3_O)        0.124     6.419 f  big_clock_counter[25]_i_8/O
                         net (fo=1, routed)           0.307     6.726    big_clock_counter[25]_i_8_n_0
    SLICE_X64Y28         LUT5 (Prop_lut5_I4_O)        0.124     6.850 f  big_clock_counter[25]_i_7/O
                         net (fo=1, routed)           0.666     7.516    big_clock_counter[25]_i_7_n_0
    SLICE_X64Y26         LUT6 (Prop_lut6_I5_O)        0.124     7.640 f  big_clock_counter[25]_i_3/O
                         net (fo=1, routed)           0.304     7.944    big_clock_counter[25]_i_3_n_0
    SLICE_X64Y25         LUT6 (Prop_lut6_I0_O)        0.124     8.068 r  big_clock_counter[25]_i_1/O
                         net (fo=27, routed)          1.298     9.367    big_clock_counter[25]_i_1_n_0
    SLICE_X65Y29         FDRE                                         r  big_clock_counter_reg[20]/R
  -------------------------------------------------------------------    -------------------

                         (clock sys_clk_pin rise edge)
                                                     10.000    10.000 r  
    W5                                                0.000    10.000 r  clk (IN)
                         net (fo=0)                   0.000    10.000    clk
    W5                   IBUF (Prop_ibuf_I_O)         1.388    11.388 r  clk_IBUF_inst/O
                         net (fo=1, routed)           1.862    13.250    clk_IBUF
    BUFGCTRL_X0Y0        BUFG (Prop_bufg_I_O)         0.091    13.341 r  clk_IBUF_BUFG_inst/O
                         net (fo=28, routed)          1.508    14.849    clk_IBUF_BUFG
    SLICE_X65Y29         FDRE                                         r  big_clock_counter_reg[20]/C
                         clock pessimism              0.297    15.146    
                         clock uncertainty           -0.035    15.111    
    SLICE_X65Y29         FDRE (Setup_fdre_C_R)       -0.429    14.682    big_clock_counter_reg[20]
  -------------------------------------------------------------------
                         required time                         14.682    
                         arrival time                          -9.367    
  -------------------------------------------------------------------
                         slack                                  5.315    

Slack (MET) :             5.440ns  (required time - arrival time)
  Source:                 big_clock_counter_reg[20]/C
                            (rising edge-triggered cell FDRE clocked by sys_clk_pin  {rise@0.000ns fall@5.000ns period=10.000ns})
  Destination:            big_clock_counter_reg[13]/R
                            (rising edge-triggered cell FDRE clocked by sys_clk_pin  {rise@0.000ns fall@5.000ns period=10.000ns})
  Path Group:             sys_clk_pin
  Path Type:              Setup (Max at Slow Process Corner)
  Requirement:            10.000ns  (sys_clk_pin rise@10.000ns - sys_clk_pin rise@0.000ns)
  Data Path Delay:        4.072ns  (logic 0.952ns (23.379%)  route 3.120ns (76.621%))
  Logic Levels:           4  (LUT4=1 LUT5=1 LUT6=2)
  Clock Path Skew:        -0.024ns (DCD - SCD + CPR)
    Destination Clock Delay (DCD):    4.848ns = ( 14.848 - 10.000 ) 
    Source Clock Delay      (SCD):    5.146ns
    Clock Pessimism Removal (CPR):    0.274ns
  Clock Uncertainty:      0.035ns  ((TSJ^2 + TIJ^2)^1/2 + DJ) / 2 + PE
    Total System Jitter     (TSJ):    0.071ns
    Total Input Jitter      (TIJ):    0.000ns
    Discrete Jitter          (DJ):    0.000ns
    Phase Error              (PE):    0.000ns

    Location             Delay type                Incr(ns)  Path(ns)    Netlist Resource(s)
  -------------------------------------------------------------------    -------------------
                         (clock sys_clk_pin rise edge)
                                                      0.000     0.000 r  
    W5                                                0.000     0.000 r  clk (IN)
                         net (fo=0)                   0.000     0.000    clk
    W5                   IBUF (Prop_ibuf_I_O)         1.458     1.458 r  clk_IBUF_inst/O
                         net (fo=1, routed)           1.967     3.425    clk_IBUF
    BUFGCTRL_X0Y0        BUFG (Prop_bufg_I_O)         0.096     3.521 r  clk_IBUF_BUFG_inst/O
                         net (fo=28, routed)          1.625     5.146    clk_IBUF_BUFG
    SLICE_X65Y29         FDRE                                         r  big_clock_counter_reg[20]/C
  -------------------------------------------------------------------    -------------------
    SLICE_X65Y29         FDRE (Prop_fdre_C_Q)         0.456     5.602 f  big_clock_counter_reg[20]/Q
                         net (fo=2, routed)           0.692     6.295    big_clock_counter_reg_n_0_[20]
    SLICE_X64Y29         LUT4 (Prop_lut4_I3_O)        0.124     6.419 f  big_clock_counter[25]_i_8/O
                         net (fo=1, routed)           0.307     6.726    big_clock_counter[25]_i_8_n_0
    SLICE_X64Y28         LUT5 (Prop_lut5_I4_O)        0.124     6.850 f  big_clock_counter[25]_i_7/O
                         net (fo=1, routed)           0.666     7.516    big_clock_counter[25]_i_7_n_0
    SLICE_X64Y26         LUT6 (Prop_lut6_I5_O)        0.124     7.640 f  big_clock_counter[25]_i_3/O
                         net (fo=1, routed)           0.304     7.944    big_clock_counter[25]_i_3_n_0
    SLICE_X64Y25         LUT6 (Prop_lut6_I0_O)        0.124     8.068 r  big_clock_counter[25]_i_1/O
                         net (fo=27, routed)          1.150     9.218    big_clock_counter[25]_i_1_n_0
    SLICE_X65Y28         FDRE                                         r  big_clock_counter_reg[13]/R
  -------------------------------------------------------------------    -------------------

                         (clock sys_clk_pin rise edge)
                                                     10.000    10.000 r  
    W5                                                0.000    10.000 r  clk (IN)
                         net (fo=0)                   0.000    10.000    clk
    W5                   IBUF (Prop_ibuf_I_O)         1.388    11.388 r  clk_IBUF_inst/O
                         net (fo=1, routed)           1.862    13.250    clk_IBUF
    BUFGCTRL_X0Y0        BUFG (Prop_bufg_I_O)         0.091    13.341 r  clk_IBUF_BUFG_inst/O
                         net (fo=28, routed)          1.507    14.848    clk_IBUF_BUFG
    SLICE_X65Y28         FDRE                                         r  big_clock_counter_reg[13]/C
                         clock pessimism              0.274    15.122    
                         clock uncertainty           -0.035    15.087    
    SLICE_X65Y28         FDRE (Setup_fdre_C_R)       -0.429    14.658    big_clock_counter_reg[13]
  -------------------------------------------------------------------
                         required time                         14.658    
                         arrival time                          -9.218    
  -------------------------------------------------------------------
                         slack                                  5.440    





Min Delay Paths
--------------------------------------------------------------------------------------
Slack (MET) :             0.263ns  (arrival time - required time)
  Source:                 big_clock_counter_reg[12]/C
                            (rising edge-triggered cell FDRE clocked by sys_clk_pin  {rise@0.000ns fall@5.000ns period=10.000ns})
  Destination:            big_clock_counter_reg[12]/D
                            (rising edge-triggered cell FDRE clocked by sys_clk_pin  {rise@0.000ns fall@5.000ns period=10.000ns})
  Path Group:             sys_clk_pin
  Path Type:              Hold (Min at Fast Process Corner)
  Requirement:            0.000ns  (sys_clk_pin rise@0.000ns - sys_clk_pin rise@0.000ns)
  Data Path Delay:        0.368ns  (logic 0.249ns (67.612%)  route 0.119ns (32.388%))
  Logic Levels:           1  (CARRY4=1)
  Clock Path Skew:        0.000ns (DCD - SCD - CPR)
    Destination Clock Delay (DCD):    1.980ns
    Source Clock Delay      (SCD):    1.468ns
    Clock Pessimism Removal (CPR):    0.512ns

    Location             Delay type                Incr(ns)  Path(ns)    Netlist Resource(s)
  -------------------------------------------------------------------    -------------------
                         (clock sys_clk_pin rise edge)
                                                      0.000     0.000 r  
    W5                                                0.000     0.000 r  clk (IN)
                         net (fo=0)                   0.000     0.000    clk
    W5                   IBUF (Prop_ibuf_I_O)         0.226     0.226 r  clk_IBUF_inst/O
                         net (fo=1, routed)           0.631     0.858    clk_IBUF
    BUFGCTRL_X0Y0        BUFG (Prop_bufg_I_O)         0.026     0.884 r  clk_IBUF_BUFG_inst/O
                         net (fo=28, routed)          0.585     1.468    clk_IBUF_BUFG
    SLICE_X65Y27         FDRE                                         r  big_clock_counter_reg[12]/C
  -------------------------------------------------------------------    -------------------
    SLICE_X65Y27         FDRE (Prop_fdre_C_Q)         0.141     1.609 r  big_clock_counter_reg[12]/Q
                         net (fo=2, routed)           0.119     1.728    big_clock_counter_reg_n_0_[12]
    SLICE_X65Y27         CARRY4 (Prop_carry4_S[3]_O[3])
                                                      0.108     1.836 r  big_clock_counter_reg[12]_i_1/O[3]
                         net (fo=1, routed)           0.000     1.836    data0[12]
    SLICE_X65Y27         FDRE                                         r  big_clock_counter_reg[12]/D
  -------------------------------------------------------------------    -------------------

                         (clock sys_clk_pin rise edge)
                                                      0.000     0.000 r  
    W5                                                0.000     0.000 r  clk (IN)
                         net (fo=0)                   0.000     0.000    clk
    W5                   IBUF (Prop_ibuf_I_O)         0.414     0.414 r  clk_IBUF_inst/O
                         net (fo=1, routed)           0.685     1.099    clk_IBUF
    BUFGCTRL_X0Y0        BUFG (Prop_bufg_I_O)         0.029     1.128 r  clk_IBUF_BUFG_inst/O
                         net (fo=28, routed)          0.853     1.980    clk_IBUF_BUFG
    SLICE_X65Y27         FDRE                                         r  big_clock_counter_reg[12]/C
                         clock pessimism             -0.512     1.468    
    SLICE_X65Y27         FDRE (Hold_fdre_C_D)         0.105     1.573    big_clock_counter_reg[12]
  -------------------------------------------------------------------
                         required time                         -1.573    
                         arrival time                           1.836    
  -------------------------------------------------------------------
                         slack                                  0.263    

Slack (MET) :             0.263ns  (arrival time - required time)
  Source:                 big_clock_counter_reg[16]/C
                            (rising edge-triggered cell FDRE clocked by sys_clk_pin  {rise@0.000ns fall@5.000ns period=10.000ns})
  Destination:            big_clock_counter_reg[16]/D
                            (rising edge-triggered cell FDRE clocked by sys_clk_pin  {rise@0.000ns fall@5.000ns period=10.000ns})
  Path Group:             sys_clk_pin
  Path Type:              Hold (Min at Fast Process Corner)
  Requirement:            0.000ns  (sys_clk_pin rise@0.000ns - sys_clk_pin rise@0.000ns)
  Data Path Delay:        0.368ns  (logic 0.249ns (67.612%)  route 0.119ns (32.388%))
  Logic Levels:           1  (CARRY4=1)
  Clock Path Skew:        0.000ns (DCD - SCD - CPR)
    Destination Clock Delay (DCD):    1.981ns
    Source Clock Delay      (SCD):    1.468ns
    Clock Pessimism Removal (CPR):    0.513ns

    Location             Delay type                Incr(ns)  Path(ns)    Netlist Resource(s)
  -------------------------------------------------------------------    -------------------
                         (clock sys_clk_pin rise edge)
                                                      0.000     0.000 r  
    W5                                                0.000     0.000 r  clk (IN)
                         net (fo=0)                   0.000     0.000    clk
    W5                   IBUF (Prop_ibuf_I_O)         0.226     0.226 r  clk_IBUF_inst/O
                         net (fo=1, routed)           0.631     0.858    clk_IBUF
    BUFGCTRL_X0Y0        BUFG (Prop_bufg_I_O)         0.026     0.884 r  clk_IBUF_BUFG_inst/O
                         net (fo=28, routed)          0.585     1.468    clk_IBUF_BUFG
    SLICE_X65Y28         FDRE                                         r  big_clock_counter_reg[16]/C
  -------------------------------------------------------------------    -------------------
    SLICE_X65Y28         FDRE (Prop_fdre_C_Q)         0.141     1.609 r  big_clock_counter_reg[16]/Q
                         net (fo=2, routed)           0.119     1.728    big_clock_counter_reg_n_0_[16]
    SLICE_X65Y28         CARRY4 (Prop_carry4_S[3]_O[3])
                                                      0.108     1.836 r  big_clock_counter_reg[16]_i_1/O[3]
                         net (fo=1, routed)           0.000     1.836    data0[16]
    SLICE_X65Y28         FDRE                                         r  big_clock_counter_reg[16]/D
  -------------------------------------------------------------------    -------------------

                         (clock sys_clk_pin rise edge)
                                                      0.000     0.000 r  
    W5                                                0.000     0.000 r  clk (IN)
                         net (fo=0)                   0.000     0.000    clk
    W5                   IBUF (Prop_ibuf_I_O)         0.414     0.414 r  clk_IBUF_inst/O
                         net (fo=1, routed)           0.685     1.099    clk_IBUF
    BUFGCTRL_X0Y0        BUFG (Prop_bufg_I_O)         0.029     1.128 r  clk_IBUF_BUFG_inst/O
                         net (fo=28, routed)          0.854     1.981    clk_IBUF_BUFG
    SLICE_X65Y28         FDRE                                         r  big_clock_counter_reg[16]/C
                         clock pessimism             -0.513     1.468    
    SLICE_X65Y28         FDRE (Hold_fdre_C_D)         0.105     1.573    big_clock_counter_reg[16]
  -------------------------------------------------------------------
                         required time                         -1.573    
                         arrival time                           1.836    
  -------------------------------------------------------------------
                         slack                                  0.263    

Slack (MET) :             0.263ns  (arrival time - required time)
  Source:                 big_clock_counter_reg[24]/C
                            (rising edge-triggered cell FDRE clocked by sys_clk_pin  {rise@0.000ns fall@5.000ns period=10.000ns})
  Destination:            big_clock_counter_reg[24]/D
                            (rising edge-triggered cell FDRE clocked by sys_clk_pin  {rise@0.000ns fall@5.000ns period=10.000ns})
  Path Group:             sys_clk_pin
  Path Type:              Hold (Min at Fast Process Corner)
  Requirement:            0.000ns  (sys_clk_pin rise@0.000ns - sys_clk_pin rise@0.000ns)
  Data Path Delay:        0.368ns  (logic 0.249ns (67.612%)  route 0.119ns (32.388%))
  Logic Levels:           1  (CARRY4=1)
  Clock Path Skew:        0.000ns (DCD - SCD - CPR)
    Destination Clock Delay (DCD):    1.983ns
    Source Clock Delay      (SCD):    1.470ns
    Clock Pessimism Removal (CPR):    0.513ns

    Location             Delay type                Incr(ns)  Path(ns)    Netlist Resource(s)
  -------------------------------------------------------------------    -------------------
                         (clock sys_clk_pin rise edge)
                                                      0.000     0.000 r  
    W5                                                0.000     0.000 r  clk (IN)
                         net (fo=0)                   0.000     0.000    clk
    W5                   IBUF (Prop_ibuf_I_O)         0.226     0.226 r  clk_IBUF_inst/O
                         net (fo=1, routed)           0.631     0.858    clk_IBUF
    BUFGCTRL_X0Y0        BUFG (Prop_bufg_I_O)         0.026     0.884 r  clk_IBUF_BUFG_inst/O
                         net (fo=28, routed)          0.587     1.470    clk_IBUF_BUFG
    SLICE_X65Y30         FDRE                                         r  big_clock_counter_reg[24]/C
  -------------------------------------------------------------------    -------------------
    SLICE_X65Y30         FDRE (Prop_fdre_C_Q)         0.141     1.611 r  big_clock_counter_reg[24]/Q
                         net (fo=2, routed)           0.119     1.730    big_clock_counter_reg_n_0_[24]
    SLICE_X65Y30         CARRY4 (Prop_carry4_S[3]_O[3])
                                                      0.108     1.838 r  big_clock_counter_reg[24]_i_1/O[3]
                         net (fo=1, routed)           0.000     1.838    data0[24]
    SLICE_X65Y30         FDRE                                         r  big_clock_counter_reg[24]/D
  -------------------------------------------------------------------    -------------------

                         (clock sys_clk_pin rise edge)
                                                      0.000     0.000 r  
    W5                                                0.000     0.000 r  clk (IN)
                         net (fo=0)                   0.000     0.000    clk
    W5                   IBUF (Prop_ibuf_I_O)         0.414     0.414 r  clk_IBUF_inst/O
                         net (fo=1, routed)           0.685     1.099    clk_IBUF
    BUFGCTRL_X0Y0        BUFG (Prop_bufg_I_O)         0.029     1.128 r  clk_IBUF_BUFG_inst/O
                         net (fo=28, routed)          0.856     1.983    clk_IBUF_BUFG
    SLICE_X65Y30         FDRE                                         r  big_clock_counter_reg[24]/C
                         clock pessimism             -0.513     1.470    
    SLICE_X65Y30         FDRE (Hold_fdre_C_D)         0.105     1.575    big_clock_counter_reg[24]
  -------------------------------------------------------------------
                         required time                         -1.575    
                         arrival time                           1.838    
  -------------------------------------------------------------------
                         slack                                  0.263    

Slack (MET) :             0.263ns  (arrival time - required time)
  Source:                 big_clock_counter_reg[4]/C
                            (rising edge-triggered cell FDRE clocked by sys_clk_pin  {rise@0.000ns fall@5.000ns period=10.000ns})
  Destination:            big_clock_counter_reg[4]/D
                            (rising edge-triggered cell FDRE clocked by sys_clk_pin  {rise@0.000ns fall@5.000ns period=10.000ns})
  Path Group:             sys_clk_pin
  Path Type:              Hold (Min at Fast Process Corner)
  Requirement:            0.000ns  (sys_clk_pin rise@0.000ns - sys_clk_pin rise@0.000ns)
  Data Path Delay:        0.368ns  (logic 0.249ns (67.612%)  route 0.119ns (32.388%))
  Logic Levels:           1  (CARRY4=1)
  Clock Path Skew:        0.000ns (DCD - SCD - CPR)
    Destination Clock Delay (DCD):    1.977ns
    Source Clock Delay      (SCD):    1.465ns
    Clock Pessimism Removal (CPR):    0.512ns

    Location             Delay type                Incr(ns)  Path(ns)    Netlist Resource(s)
  -------------------------------------------------------------------    -------------------
                         (clock sys_clk_pin rise edge)
                                                      0.000     0.000 r  
    W5                                                0.000     0.000 r  clk (IN)
                         net (fo=0)                   0.000     0.000    clk
    W5                   IBUF (Prop_ibuf_I_O)         0.226     0.226 r  clk_IBUF_inst/O
                         net (fo=1, routed)           0.631     0.858    clk_IBUF
    BUFGCTRL_X0Y0        BUFG (Prop_bufg_I_O)         0.026     0.884 r  clk_IBUF_BUFG_inst/O
                         net (fo=28, routed)          0.582     1.465    clk_IBUF_BUFG
    SLICE_X65Y25         FDRE                                         r  big_clock_counter_reg[4]/C
  -------------------------------------------------------------------    -------------------
    SLICE_X65Y25         FDRE (Prop_fdre_C_Q)         0.141     1.606 r  big_clock_counter_reg[4]/Q
                         net (fo=2, routed)           0.119     1.725    big_clock_counter_reg_n_0_[4]
    SLICE_X65Y25         CARRY4 (Prop_carry4_S[3]_O[3])
                                                      0.108     1.833 r  big_clock_counter_reg[4]_i_1/O[3]
                         net (fo=1, routed)           0.000     1.833    data0[4]
    SLICE_X65Y25         FDRE                                         r  big_clock_counter_reg[4]/D
  -------------------------------------------------------------------    -------------------

                         (clock sys_clk_pin rise edge)
                                                      0.000     0.000 r  
    W5                                                0.000     0.000 r  clk (IN)
                         net (fo=0)                   0.000     0.000    clk
    W5                   IBUF (Prop_ibuf_I_O)         0.414     0.414 r  clk_IBUF_inst/O
                         net (fo=1, routed)           0.685     1.099    clk_IBUF
    BUFGCTRL_X0Y0        BUFG (Prop_bufg_I_O)         0.029     1.128 r  clk_IBUF_BUFG_inst/O
                         net (fo=28, routed)          0.850     1.977    clk_IBUF_BUFG
    SLICE_X65Y25         FDRE                                         r  big_clock_counter_reg[4]/C
                         clock pessimism             -0.512     1.465    
    SLICE_X65Y25         FDRE (Hold_fdre_C_D)         0.105     1.570    big_clock_counter_reg[4]
  -------------------------------------------------------------------
                         required time                         -1.570    
                         arrival time                           1.833    
  -------------------------------------------------------------------
                         slack                                  0.263    

Slack (MET) :             0.263ns  (arrival time - required time)
  Source:                 big_clock_counter_reg[8]/C
                            (rising edge-triggered cell FDRE clocked by sys_clk_pin  {rise@0.000ns fall@5.000ns period=10.000ns})
  Destination:            big_clock_counter_reg[8]/D
                            (rising edge-triggered cell FDRE clocked by sys_clk_pin  {rise@0.000ns fall@5.000ns period=10.000ns})
  Path Group:             sys_clk_pin
  Path Type:              Hold (Min at Fast Process Corner)
  Requirement:            0.000ns  (sys_clk_pin rise@0.000ns - sys_clk_pin rise@0.000ns)
  Data Path Delay:        0.368ns  (logic 0.249ns (67.612%)  route 0.119ns (32.388%))
  Logic Levels:           1  (CARRY4=1)
  Clock Path Skew:        0.000ns (DCD - SCD - CPR)
    Destination Clock Delay (DCD):    1.978ns
    Source Clock Delay      (SCD):    1.466ns
    Clock Pessimism Removal (CPR):    0.512ns

    Location             Delay type                Incr(ns)  Path(ns)    Netlist Resource(s)
  -------------------------------------------------------------------    -------------------
                         (clock sys_clk_pin rise edge)
                                                      0.000     0.000 r  
    W5                                                0.000     0.000 r  clk (IN)
                         net (fo=0)                   0.000     0.000    clk
    W5                   IBUF (Prop_ibuf_I_O)         0.226     0.226 r  clk_IBUF_inst/O
                         net (fo=1, routed)           0.631     0.858    clk_IBUF
    BUFGCTRL_X0Y0        BUFG (Prop_bufg_I_O)         0.026     0.884 r  clk_IBUF_BUFG_inst/O
                         net (fo=28, routed)          0.583     1.466    clk_IBUF_BUFG
    SLICE_X65Y26         FDRE                                         r  big_clock_counter_reg[8]/C
  -------------------------------------------------------------------    -------------------
    SLICE_X65Y26         FDRE (Prop_fdre_C_Q)         0.141     1.607 r  big_clock_counter_reg[8]/Q
                         net (fo=2, routed)           0.119     1.726    big_clock_counter_reg_n_0_[8]
    SLICE_X65Y26         CARRY4 (Prop_carry4_S[3]_O[3])
                                                      0.108     1.834 r  big_clock_counter_reg[8]_i_1/O[3]
                         net (fo=1, routed)           0.000     1.834    data0[8]
    SLICE_X65Y26         FDRE                                         r  big_clock_counter_reg[8]/D
  -------------------------------------------------------------------    -------------------

                         (clock sys_clk_pin rise edge)
                                                      0.000     0.000 r  
    W5                                                0.000     0.000 r  clk (IN)
                         net (fo=0)                   0.000     0.000    clk
    W5                   IBUF (Prop_ibuf_I_O)         0.414     0.414 r  clk_IBUF_inst/O
                         net (fo=1, routed)           0.685     1.099    clk_IBUF
    BUFGCTRL_X0Y0        BUFG (Prop_bufg_I_O)         0.029     1.128 r  clk_IBUF_BUFG_inst/O
                         net (fo=28, routed)          0.851     1.978    clk_IBUF_BUFG
    SLICE_X65Y26         FDRE                                         r  big_clock_counter_reg[8]/C
                         clock pessimism             -0.512     1.466    
    SLICE_X65Y26         FDRE (Hold_fdre_C_D)         0.105     1.571    big_clock_counter_reg[8]
  -------------------------------------------------------------------
                         required time                         -1.571    
                         arrival time                           1.834    
  -------------------------------------------------------------------
                         slack                                  0.263    

Slack (MET) :             0.263ns  (arrival time - required time)
  Source:                 big_clock_counter_reg[20]/C
                            (rising edge-triggered cell FDRE clocked by sys_clk_pin  {rise@0.000ns fall@5.000ns period=10.000ns})
  Destination:            big_clock_counter_reg[20]/D
                            (rising edge-triggered cell FDRE clocked by sys_clk_pin  {rise@0.000ns fall@5.000ns period=10.000ns})
  Path Group:             sys_clk_pin
  Path Type:              Hold (Min at Fast Process Corner)
  Requirement:            0.000ns  (sys_clk_pin rise@0.000ns - sys_clk_pin rise@0.000ns)
  Data Path Delay:        0.368ns  (logic 0.249ns (67.612%)  route 0.119ns (32.388%))
  Logic Levels:           1  (CARRY4=1)
  Clock Path Skew:        0.000ns (DCD - SCD - CPR)
    Destination Clock Delay (DCD):    1.982ns
    Source Clock Delay      (SCD):    1.469ns
    Clock Pessimism Removal (CPR):    0.513ns

    Location             Delay type                Incr(ns)  Path(ns)    Netlist Resource(s)
  -------------------------------------------------------------------    -------------------
                         (clock sys_clk_pin rise edge)
                                                      0.000     0.000 r  
    W5                                                0.000     0.000 r  clk (IN)
                         net (fo=0)                   0.000     0.000    clk
    W5                   IBUF (Prop_ibuf_I_O)         0.226     0.226 r  clk_IBUF_inst/O
                         net (fo=1, routed)           0.631     0.858    clk_IBUF
    BUFGCTRL_X0Y0        BUFG (Prop_bufg_I_O)         0.026     0.884 r  clk_IBUF_BUFG_inst/O
                         net (fo=28, routed)          0.586     1.469    clk_IBUF_BUFG
    SLICE_X65Y29         FDRE                                         r  big_clock_counter_reg[20]/C
  -------------------------------------------------------------------    -------------------
    SLICE_X65Y29         FDRE (Prop_fdre_C_Q)         0.141     1.610 r  big_clock_counter_reg[20]/Q
                         net (fo=2, routed)           0.119     1.729    big_clock_counter_reg_n_0_[20]
    SLICE_X65Y29         CARRY4 (Prop_carry4_S[3]_O[3])
                                                      0.108     1.837 r  big_clock_counter_reg[20]_i_1/O[3]
                         net (fo=1, routed)           0.000     1.837    data0[20]
    SLICE_X65Y29         FDRE                                         r  big_clock_counter_reg[20]/D
  -------------------------------------------------------------------    -------------------

                         (clock sys_clk_pin rise edge)
                                                      0.000     0.000 r  
    W5                                                0.000     0.000 r  clk (IN)
                         net (fo=0)                   0.000     0.000    clk
    W5                   IBUF (Prop_ibuf_I_O)         0.414     0.414 r  clk_IBUF_inst/O
                         net (fo=1, routed)           0.685     1.099    clk_IBUF
    BUFGCTRL_X0Y0        BUFG (Prop_bufg_I_O)         0.029     1.128 r  clk_IBUF_BUFG_inst/O
                         net (fo=28, routed)          0.855     1.982    clk_IBUF_BUFG
    SLICE_X65Y29         FDRE                                         r  big_clock_counter_reg[20]/C
                         clock pessimism             -0.513     1.469    
    SLICE_X65Y29         FDRE (Hold_fdre_C_D)         0.105     1.574    big_clock_counter_reg[20]
  -------------------------------------------------------------------
                         required time                         -1.574    
                         arrival time                           1.837    
  -------------------------------------------------------------------
                         slack                                  0.263    

Slack (MET) :             0.264ns  (arrival time - required time)
  Source:                 big_clock_counter_reg[0]/C
                            (rising edge-triggered cell FDRE clocked by sys_clk_pin  {rise@0.000ns fall@5.000ns period=10.000ns})
  Destination:            big_clock_counter_reg[0]/D
                            (rising edge-triggered cell FDRE clocked by sys_clk_pin  {rise@0.000ns fall@5.000ns period=10.000ns})
  Path Group:             sys_clk_pin
  Path Type:              Hold (Min at Fast Process Corner)
  Requirement:            0.000ns  (sys_clk_pin rise@0.000ns - sys_clk_pin rise@0.000ns)
  Data Path Delay:        0.384ns  (logic 0.209ns (54.384%)  route 0.175ns (45.616%))
  Logic Levels:           1  (LUT1=1)
  Clock Path Skew:        0.000ns (DCD - SCD - CPR)
    Destination Clock Delay (DCD):    1.977ns
    Source Clock Delay      (SCD):    1.465ns
    Clock Pessimism Removal (CPR):    0.512ns

    Location             Delay type                Incr(ns)  Path(ns)    Netlist Resource(s)
  -------------------------------------------------------------------    -------------------
                         (clock sys_clk_pin rise edge)
                                                      0.000     0.000 r  
    W5                                                0.000     0.000 r  clk (IN)
                         net (fo=0)                   0.000     0.000    clk
    W5                   IBUF (Prop_ibuf_I_O)         0.226     0.226 r  clk_IBUF_inst/O
                         net (fo=1, routed)           0.631     0.858    clk_IBUF
    BUFGCTRL_X0Y0        BUFG (Prop_bufg_I_O)         0.026     0.884 r  clk_IBUF_BUFG_inst/O
                         net (fo=28, routed)          0.582     1.465    clk_IBUF_BUFG
    SLICE_X64Y25         FDRE                                         r  big_clock_counter_reg[0]/C
  -------------------------------------------------------------------    -------------------
    SLICE_X64Y25         FDRE (Prop_fdre_C_Q)         0.164     1.629 f  big_clock_counter_reg[0]/Q
                         net (fo=3, routed)           0.175     1.804    big_clock_counter_reg_n_0_[0]
    SLICE_X64Y25         LUT1 (Prop_lut1_I0_O)        0.045     1.849 r  big_clock_counter[0]_i_1/O
                         net (fo=1, routed)           0.000     1.849    big_clock_counter[0]
    SLICE_X64Y25         FDRE                                         r  big_clock_counter_reg[0]/D
  -------------------------------------------------------------------    -------------------

                         (clock sys_clk_pin rise edge)
                                                      0.000     0.000 r  
    W5                                                0.000     0.000 r  clk (IN)
                         net (fo=0)                   0.000     0.000    clk
    W5                   IBUF (Prop_ibuf_I_O)         0.414     0.414 r  clk_IBUF_inst/O
                         net (fo=1, routed)           0.685     1.099    clk_IBUF
    BUFGCTRL_X0Y0        BUFG (Prop_bufg_I_O)         0.029     1.128 r  clk_IBUF_BUFG_inst/O
                         net (fo=28, routed)          0.850     1.977    clk_IBUF_BUFG
    SLICE_X64Y25         FDRE                                         r  big_clock_counter_reg[0]/C
                         clock pessimism             -0.512     1.465    
    SLICE_X64Y25         FDRE (Hold_fdre_C_D)         0.120     1.585    big_clock_counter_reg[0]
  -------------------------------------------------------------------
                         required time                         -1.585    
                         arrival time                           1.849    
  -------------------------------------------------------------------
                         slack                                  0.264    

Slack (MET) :             0.267ns  (arrival time - required time)
  Source:                 big_clock_counter_reg[11]/C
                            (rising edge-triggered cell FDRE clocked by sys_clk_pin  {rise@0.000ns fall@5.000ns period=10.000ns})
  Destination:            big_clock_counter_reg[11]/D
                            (rising edge-triggered cell FDRE clocked by sys_clk_pin  {rise@0.000ns fall@5.000ns period=10.000ns})
  Path Group:             sys_clk_pin
  Path Type:              Hold (Min at Fast Process Corner)
  Requirement:            0.000ns  (sys_clk_pin rise@0.000ns - sys_clk_pin rise@0.000ns)
  Data Path Delay:        0.372ns  (logic 0.252ns (67.654%)  route 0.120ns (32.346%))
  Logic Levels:           1  (CARRY4=1)
  Clock Path Skew:        0.000ns (DCD - SCD - CPR)
    Destination Clock Delay (DCD):    1.980ns
    Source Clock Delay      (SCD):    1.468ns
    Clock Pessimism Removal (CPR):    0.512ns

    Location             Delay type                Incr(ns)  Path(ns)    Netlist Resource(s)
  -------------------------------------------------------------------    -------------------
                         (clock sys_clk_pin rise edge)
                                                      0.000     0.000 r  
    W5                                                0.000     0.000 r  clk (IN)
                         net (fo=0)                   0.000     0.000    clk
    W5                   IBUF (Prop_ibuf_I_O)         0.226     0.226 r  clk_IBUF_inst/O
                         net (fo=1, routed)           0.631     0.858    clk_IBUF
    BUFGCTRL_X0Y0        BUFG (Prop_bufg_I_O)         0.026     0.884 r  clk_IBUF_BUFG_inst/O
                         net (fo=28, routed)          0.585     1.468    clk_IBUF_BUFG
    SLICE_X65Y27         FDRE                                         r  big_clock_counter_reg[11]/C
  -------------------------------------------------------------------    -------------------
    SLICE_X65Y27         FDRE (Prop_fdre_C_Q)         0.141     1.609 r  big_clock_counter_reg[11]/Q
                         net (fo=2, routed)           0.120     1.730    big_clock_counter_reg_n_0_[11]
    SLICE_X65Y27         CARRY4 (Prop_carry4_S[2]_O[2])
                                                      0.111     1.841 r  big_clock_counter_reg[12]_i_1/O[2]
                         net (fo=1, routed)           0.000     1.841    data0[11]
    SLICE_X65Y27         FDRE                                         r  big_clock_counter_reg[11]/D
  -------------------------------------------------------------------    -------------------

                         (clock sys_clk_pin rise edge)
                                                      0.000     0.000 r  
    W5                                                0.000     0.000 r  clk (IN)
                         net (fo=0)                   0.000     0.000    clk
    W5                   IBUF (Prop_ibuf_I_O)         0.414     0.414 r  clk_IBUF_inst/O
                         net (fo=1, routed)           0.685     1.099    clk_IBUF
    BUFGCTRL_X0Y0        BUFG (Prop_bufg_I_O)         0.029     1.128 r  clk_IBUF_BUFG_inst/O
                         net (fo=28, routed)          0.853     1.980    clk_IBUF_BUFG
    SLICE_X65Y27         FDRE                                         r  big_clock_counter_reg[11]/C
                         clock pessimism             -0.512     1.468    
    SLICE_X65Y27         FDRE (Hold_fdre_C_D)         0.105     1.573    big_clock_counter_reg[11]
  -------------------------------------------------------------------
                         required time                         -1.573    
                         arrival time                           1.841    
  -------------------------------------------------------------------
                         slack                                  0.267    

Slack (MET) :             0.267ns  (arrival time - required time)
  Source:                 big_clock_counter_reg[23]/C
                            (rising edge-triggered cell FDRE clocked by sys_clk_pin  {rise@0.000ns fall@5.000ns period=10.000ns})
  Destination:            big_clock_counter_reg[23]/D
                            (rising edge-triggered cell FDRE clocked by sys_clk_pin  {rise@0.000ns fall@5.000ns period=10.000ns})
  Path Group:             sys_clk_pin
  Path Type:              Hold (Min at Fast Process Corner)
  Requirement:            0.000ns  (sys_clk_pin rise@0.000ns - sys_clk_pin rise@0.000ns)
  Data Path Delay:        0.372ns  (logic 0.252ns (67.654%)  route 0.120ns (32.346%))
  Logic Levels:           1  (CARRY4=1)
  Clock Path Skew:        0.000ns (DCD - SCD - CPR)
    Destination Clock Delay (DCD):    1.983ns
    Source Clock Delay      (SCD):    1.470ns
    Clock Pessimism Removal (CPR):    0.513ns

    Location             Delay type                Incr(ns)  Path(ns)    Netlist Resource(s)
  -------------------------------------------------------------------    -------------------
                         (clock sys_clk_pin rise edge)
                                                      0.000     0.000 r  
    W5                                                0.000     0.000 r  clk (IN)
                         net (fo=0)                   0.000     0.000    clk
    W5                   IBUF (Prop_ibuf_I_O)         0.226     0.226 r  clk_IBUF_inst/O
                         net (fo=1, routed)           0.631     0.858    clk_IBUF
    BUFGCTRL_X0Y0        BUFG (Prop_bufg_I_O)         0.026     0.884 r  clk_IBUF_BUFG_inst/O
                         net (fo=28, routed)          0.587     1.470    clk_IBUF_BUFG
    SLICE_X65Y30         FDRE                                         r  big_clock_counter_reg[23]/C
  -------------------------------------------------------------------    -------------------
    SLICE_X65Y30         FDRE (Prop_fdre_C_Q)         0.141     1.611 r  big_clock_counter_reg[23]/Q
                         net (fo=2, routed)           0.120     1.732    big_clock_counter_reg_n_0_[23]
    SLICE_X65Y30         CARRY4 (Prop_carry4_S[2]_O[2])
                                                      0.111     1.843 r  big_clock_counter_reg[24]_i_1/O[2]
                         net (fo=1, routed)           0.000     1.843    data0[23]
    SLICE_X65Y30         FDRE                                         r  big_clock_counter_reg[23]/D
  -------------------------------------------------------------------    -------------------

                         (clock sys_clk_pin rise edge)
                                                      0.000     0.000 r  
    W5                                                0.000     0.000 r  clk (IN)
                         net (fo=0)                   0.000     0.000    clk
    W5                   IBUF (Prop_ibuf_I_O)         0.414     0.414 r  clk_IBUF_inst/O
                         net (fo=1, routed)           0.685     1.099    clk_IBUF
    BUFGCTRL_X0Y0        BUFG (Prop_bufg_I_O)         0.029     1.128 r  clk_IBUF_BUFG_inst/O
                         net (fo=28, routed)          0.856     1.983    clk_IBUF_BUFG
    SLICE_X65Y30         FDRE                                         r  big_clock_counter_reg[23]/C
                         clock pessimism             -0.513     1.470    
    SLICE_X65Y30         FDRE (Hold_fdre_C_D)         0.105     1.575    big_clock_counter_reg[23]
  -------------------------------------------------------------------
                         required time                         -1.575    
                         arrival time                           1.843    
  -------------------------------------------------------------------
                         slack                                  0.267    

Slack (MET) :             0.267ns  (arrival time - required time)
  Source:                 big_clock_counter_reg[19]/C
                            (rising edge-triggered cell FDRE clocked by sys_clk_pin  {rise@0.000ns fall@5.000ns period=10.000ns})
  Destination:            big_clock_counter_reg[19]/D
                            (rising edge-triggered cell FDRE clocked by sys_clk_pin  {rise@0.000ns fall@5.000ns period=10.000ns})
  Path Group:             sys_clk_pin
  Path Type:              Hold (Min at Fast Process Corner)
  Requirement:            0.000ns  (sys_clk_pin rise@0.000ns - sys_clk_pin rise@0.000ns)
  Data Path Delay:        0.372ns  (logic 0.252ns (67.654%)  route 0.120ns (32.346%))
  Logic Levels:           1  (CARRY4=1)
  Clock Path Skew:        0.000ns (DCD - SCD - CPR)
    Destination Clock Delay (DCD):    1.982ns
    Source Clock Delay      (SCD):    1.469ns
    Clock Pessimism Removal (CPR):    0.513ns

    Location             Delay type                Incr(ns)  Path(ns)    Netlist Resource(s)
  -------------------------------------------------------------------    -------------------
                         (clock sys_clk_pin rise edge)
                                                      0.000     0.000 r  
    W5                                                0.000     0.000 r  clk (IN)
                         net (fo=0)                   0.000     0.000    clk
    W5                   IBUF (Prop_ibuf_I_O)         0.226     0.226 r  clk_IBUF_inst/O
                         net (fo=1, routed)           0.631     0.858    clk_IBUF
    BUFGCTRL_X0Y0        BUFG (Prop_bufg_I_O)         0.026     0.884 r  clk_IBUF_BUFG_inst/O
                         net (fo=28, routed)          0.586     1.469    clk_IBUF_BUFG
    SLICE_X65Y29         FDRE                                         r  big_clock_counter_reg[19]/C
  -------------------------------------------------------------------    -------------------
    SLICE_X65Y29         FDRE (Prop_fdre_C_Q)         0.141     1.610 r  big_clock_counter_reg[19]/Q
                         net (fo=2, routed)           0.120     1.731    big_clock_counter_reg_n_0_[19]
    SLICE_X65Y29         CARRY4 (Prop_carry4_S[2]_O[2])
                                                      0.111     1.842 r  big_clock_counter_reg[20]_i_1/O[2]
                         net (fo=1, routed)           0.000     1.842    data0[19]
    SLICE_X65Y29         FDRE                                         r  big_clock_counter_reg[19]/D
  -------------------------------------------------------------------    -------------------

                         (clock sys_clk_pin rise edge)
                                                      0.000     0.000 r  
    W5                                                0.000     0.000 r  clk (IN)
                         net (fo=0)                   0.000     0.000    clk
    W5                   IBUF (Prop_ibuf_I_O)         0.414     0.414 r  clk_IBUF_inst/O
                         net (fo=1, routed)           0.685     1.099    clk_IBUF
    BUFGCTRL_X0Y0        BUFG (Prop_bufg_I_O)         0.029     1.128 r  clk_IBUF_BUFG_inst/O
                         net (fo=28, routed)          0.855     1.982    clk_IBUF_BUFG
    SLICE_X65Y29         FDRE                                         r  big_clock_counter_reg[19]/C
                         clock pessimism             -0.513     1.469    
    SLICE_X65Y29         FDRE (Hold_fdre_C_D)         0.105     1.574    big_clock_counter_reg[19]
  -------------------------------------------------------------------
                         required time                         -1.574    
                         arrival time                           1.842    
  -------------------------------------------------------------------
                         slack                                  0.267    





Pulse Width Checks
--------------------------------------------------------------------------------------
Clock Name:         sys_clk_pin
Waveform(ns):       { 0.000 5.000 }
Period(ns):         10.000
Sources:            { clk }

Check Type        Corner  Lib Pin  Reference Pin  Required(ns)  Actual(ns)  Slack(ns)  Location       Pin
Min Period        n/a     BUFG/I   n/a            2.155         10.000      7.845      BUFGCTRL_X0Y0  clk_IBUF_BUFG_inst/I
Min Period        n/a     FDRE/C   n/a            1.000         10.000      9.000      SLICE_X64Y25   big_clock_counter_reg[0]/C
Min Period        n/a     FDRE/C   n/a            1.000         10.000      9.000      SLICE_X65Y27   big_clock_counter_reg[10]/C
Min Period        n/a     FDRE/C   n/a            1.000         10.000      9.000      SLICE_X65Y27   big_clock_counter_reg[11]/C
Min Period        n/a     FDRE/C   n/a            1.000         10.000      9.000      SLICE_X65Y27   big_clock_counter_reg[12]/C
Min Period        n/a     FDRE/C   n/a            1.000         10.000      9.000      SLICE_X65Y28   big_clock_counter_reg[13]/C
Min Period        n/a     FDRE/C   n/a            1.000         10.000      9.000      SLICE_X65Y28   big_clock_counter_reg[14]/C
Min Period        n/a     FDRE/C   n/a            1.000         10.000      9.000      SLICE_X65Y28   big_clock_counter_reg[15]/C
Min Period        n/a     FDRE/C   n/a            1.000         10.000      9.000      SLICE_X65Y28   big_clock_counter_reg[16]/C
Min Period        n/a     FDRE/C   n/a            1.000         10.000      9.000      SLICE_X65Y29   big_clock_counter_reg[17]/C
Low Pulse Width   Fast    FDRE/C   n/a            0.500         5.000       4.500      SLICE_X64Y25   big_clock_counter_reg[0]/C
Low Pulse Width   Fast    FDRE/C   n/a            0.500         5.000       4.500      SLICE_X65Y27   big_clock_counter_reg[10]/C
Low Pulse Width   Fast    FDRE/C   n/a            0.500         5.000       4.500      SLICE_X65Y27   big_clock_counter_reg[11]/C
Low Pulse Width   Fast    FDRE/C   n/a            0.500         5.000       4.500      SLICE_X65Y27   big_clock_counter_reg[12]/C
Low Pulse Width   Slow    FDRE/C   n/a            0.500         5.000       4.500      SLICE_X65Y28   big_clock_counter_reg[13]/C
Low Pulse Width   Fast    FDRE/C   n/a            0.500         5.000       4.500      SLICE_X65Y28   big_clock_counter_reg[13]/C
Low Pulse Width   Slow    FDRE/C   n/a            0.500         5.000       4.500      SLICE_X65Y28   big_clock_counter_reg[14]/C
Low Pulse Width   Fast    FDRE/C   n/a            0.500         5.000       4.500      SLICE_X65Y28   big_clock_counter_reg[14]/C
Low Pulse Width   Slow    FDRE/C   n/a            0.500         5.000       4.500      SLICE_X65Y28   big_clock_counter_reg[15]/C
Low Pulse Width   Fast    FDRE/C   n/a            0.500         5.000       4.500      SLICE_X65Y28   big_clock_counter_reg[15]/C
High Pulse Width  Slow    FDRE/C   n/a            0.500         5.000       4.500      SLICE_X64Y25   big_clock_counter_reg[0]/C
High Pulse Width  Slow    FDRE/C   n/a            0.500         5.000       4.500      SLICE_X65Y27   big_clock_counter_reg[10]/C
High Pulse Width  Slow    FDRE/C   n/a            0.500         5.000       4.500      SLICE_X65Y27   big_clock_counter_reg[11]/C
High Pulse Width  Slow    FDRE/C   n/a            0.500         5.000       4.500      SLICE_X65Y27   big_clock_counter_reg[12]/C
High Pulse Width  Slow    FDRE/C   n/a            0.500         5.000       4.500      SLICE_X65Y25   big_clock_counter_reg[1]/C
High Pulse Width  Slow    FDRE/C   n/a            0.500         5.000       4.500      SLICE_X65Y25   big_clock_counter_reg[2]/C
High Pulse Width  Slow    FDRE/C   n/a            0.500         5.000       4.500      SLICE_X65Y25   big_clock_counter_reg[3]/C
High Pulse Width  Slow    FDRE/C   n/a            0.500         5.000       4.500      SLICE_X65Y25   big_clock_counter_reg[4]/C
High Pulse Width  Slow    FDRE/C   n/a            0.500         5.000       4.500      SLICE_X65Y26   big_clock_counter_reg[5]/C
High Pulse Width  Slow    FDRE/C   n/a            0.500         5.000       4.500      SLICE_X65Y26   big_clock_counter_reg[6]/C



