Copyright 1986-2017 Xilinx, Inc. All Rights Reserved.
--------------------------------------------------------------------------------------
| Tool Version : Vivado v.2017.3.1 (win64) Build 2035080 Fri Oct 20 14:20:01 MDT 2017
| Date         : Tue Nov 14 13:42:45 2017
| Host         : PK-Laptop running 64-bit major release  (build 9200)
| Command      : report_control_sets -file toplevel_control_sets_placed.rpt
| Design       : toplevel
| Device       : xc7a35t
--------------------------------------------------------------------------------------

Control Set Information

Table of Contents
-----------------
1. Summary
2. Flip-Flop Distribution

1. Summary
----------

+-------------------------------+-------+
|             Status            | Count |
+-------------------------------+-------+
| Number of unique control sets |    25 |
+-------------------------------+-------+


2. Flip-Flop Distribution
-------------------------

+--------------+-----------------------+------------------------+-----------------+--------------+
| Clock Enable | Synchronous Set/Reset | Asynchronous Set/Reset | Total Registers | Total Slices |
+--------------+-----------------------+------------------------+-----------------+--------------+
| No           | No                    | No                     |              18 |           12 |
| No           | No                    | Yes                    |               8 |            3 |
| No           | Yes                   | No                     |              62 |           17 |
| Yes          | No                    | No                     |             136 |           89 |
| Yes          | No                    | Yes                    |               0 |            0 |
| Yes          | Yes                   | No                     |               0 |            0 |
+--------------+-----------------------+------------------------+-----------------+--------------+


